#
# There is insufficient memory for the Java Runtime Environment to continue.
# Native memory allocation (mmap) failed to map 21495808 bytes for committing reserved memory.
# Possible reasons:
#   The system is out of physical RAM or swap space
#   In 32 bit mode, the process size limit was hit
# Possible solutions:
#   Reduce memory load on the system
#   Increase physical memory or swap space
#   Check if swap backing store is full
#   Use 64 bit Java on a 64 bit OS
#   Decrease Java heap size (-Xmx/-Xms)
#   Decrease number of Java threads
#   Decrease Java thread stack sizes (-Xss)
#   Set larger code cache with -XX:ReservedCodeCacheSize=
# This output file may be truncated or incomplete.
#
#  Out of Memory Error (os_linux.cpp:2640), pid=12354, tid=0x00007f35a0dfd700
#
# JRE version: OpenJDK Runtime Environment (8.0_152) (build 1.8.0_152-release-1343-b16-5323222)
# Java VM: OpenJDK 64-Bit Server VM (25.152-b16-5323222 mixed mode linux-amd64 compressed oops)
# Failed to write core dump. Core dumps have been disabled. To enable core dumping, try "ulimit -c unlimited" before starting Java again
#

---------------  T H R E A D  ---------------

Current thread (0x00007f35b0079000):  VMThread [stack: 0x00007f35a0cfe000,0x00007f35a0dfe000] [id=12362]

Stack: [0x00007f35a0cfe000,0x00007f35a0dfe000],  sp=0x00007f35a0dfc4e0,  free space=1017k
Native frames: (J=compiled Java code, j=interpreted, Vv=VM code, C=native code)
V  [libjvm.so+0x9ffc88]  VMError::report_and_die()+0x148
V  [libjvm.so+0x4ce9aa]  report_vm_out_of_memory(char const*, int, unsigned long, VMErrorType, char const*)+0x8a
V  [libjvm.so+0x8673d8]  os::pd_commit_memory(char*, unsigned long, unsigned long, bool)+0xd8
V  [libjvm.so+0x86201f]  os::commit_memory(char*, unsigned long, unsigned long, bool)+0x1f
V  [libjvm.so+0x8d839b]  PSVirtualSpace::expand_by(unsigned long)+0x5b
V  [libjvm.so+0x8d8ff0]  PSYoungGen::resize_generation(unsigned long, unsigned long)+0xb0
V  [libjvm.so+0x8d930b]  PSYoungGen::resize(unsigned long, unsigned long)+0x1b
V  [libjvm.so+0x8d5a3e]  PSScavenge::invoke_no_policy()+0xdce
V  [libjvm.so+0x8d61f8]  PSScavenge::invoke()+0x38
V  [libjvm.so+0x88a7e3]  ParallelScavengeHeap::failed_mem_allocate(unsigned long)+0x63
V  [libjvm.so+0xa01754]  VM_ParallelGCFailedAllocation::doit()+0x84
V  [libjvm.so+0xa05bf7]  VM_Operation::evaluate()+0x47
V  [libjvm.so+0xa04658]  VMThread::evaluate_operation(VM_Operation*)+0x2c8
V  [libjvm.so+0xa04ab1]  VMThread::loop()+0x1f1
V  [libjvm.so+0xa04ee2]  VMThread::run()+0x72
V  [libjvm.so+0x864822]  java_start(Thread*)+0xf2

VM_Operation (0x00007f35685f4e70): ParallelGCFailedAllocation, mode: safepoint, requested by thread 0x00007f35480e3800


---------------  P R O C E S S  ---------------

Java Threads: ( => current thread )
  0x00007f35489e8000 JavaThread "Build operations Thread 4" [_thread_blocked, id=12393, stack(0x00007f3536272000,0x00007f3536373000)]
  0x00007f35489e6800 JavaThread "Build operations Thread 3" [_thread_blocked, id=12392, stack(0x00007f3536373000,0x00007f3536474000)]
  0x00007f35482eb800 JavaThread "Build operations Thread 2" [_thread_blocked, id=12391, stack(0x00007f3536474000,0x00007f3536575000)]
  0x00007f35482ea000 JavaThread "Build operations" [_thread_blocked, id=12390, stack(0x00007f3536575000,0x00007f3536676000)]
  0x00007f3549562800 JavaThread "Cache worker for execution history cache (/home/ajax/.gradle/caches/5.1.1/executionHistory)" [_thread_blocked, id=12389, stack(0x00007f3536a76000,0x00007f3536b77000)]
  0x00007f3549543800 JavaThread "Cache worker for cache directory md-rule (/home/ajax/.gradle/caches/5.1.1/md-rule)" [_thread_blocked, id=12388, stack(0x00007f3536b77000,0x00007f3536c78000)]
  0x00007f3549530000 JavaThread "Cache worker for cache directory md-supplier (/home/ajax/.gradle/caches/5.1.1/md-supplier)" [_thread_blocked, id=12387, stack(0x00007f3537a52000,0x00007f3537b53000)]
  0x00007f35486ee800 JavaThread "Cache worker for file hash cache (/home/ajax/AndroidStudioProjects/RegisPro/.gradle/5.1.1/fileHashes)" [_thread_blocked, id=12386, stack(0x00007f3537eff000,0x00007f3538000000)]
  0x00007f35480ed000 JavaThread "Cache worker for journal cache (/home/ajax/.gradle/caches/journal-1)" [_thread_blocked, id=12385, stack(0x00007f35682f4000,0x00007f35683f5000)]
  0x00007f35480ea000 JavaThread "File lock request listener" [_thread_in_native, id=12384, stack(0x00007f35683f5000,0x00007f35684f6000)]
  0x00007f35480e3800 JavaThread "Cache worker for file hash cache (/home/ajax/.gradle/caches/5.1.1/fileHashes)" [_thread_blocked, id=12383, stack(0x00007f35684f6000,0x00007f35685f7000)]
  0x00007f3548017800 JavaThread "Thread-8" [_thread_blocked, id=12382, stack(0x00007f35687f7000,0x00007f35688f8000)]
  0x00007f354800f000 JavaThread "Stdin handler" [_thread_blocked, id=12381, stack(0x00007f35688f8000,0x00007f35689f9000)]
  0x00007f354800e000 JavaThread "Asynchronous log dispatcher for DefaultDaemonConnection: socket connection from /127.0.0.1:42459 to /127.0.0.1:46140" [_thread_blocked, id=12380, stack(0x00007f35689f9000,0x00007f3568afa000)]
  0x00007f355c00a000 JavaThread "Daemon worker" [_thread_blocked, id=12377, stack(0x00007f3568afa000,0x00007f3568bfb000)]
  0x00007f355c008000 JavaThread "Cancel handler" [_thread_blocked, id=12376, stack(0x00007f3568bfb000,0x00007f3568cfc000)]
  0x00007f355c004000 JavaThread "Handler for socket connection from /127.0.0.1:42459 to /127.0.0.1:46140" [_thread_in_native, id=12375, stack(0x00007f3568cfc000,0x00007f3568dfd000)]
  0x00007f3560035800 JavaThread "Daemon" [_thread_blocked, id=12374, stack(0x00007f3568dfd000,0x00007f3568efe000)]
  0x00007f35b0f81800 JavaThread "Daemon periodic checks" [_thread_blocked, id=12373, stack(0x00007f3568efe000,0x00007f3568fff000)]
  0x00007f35b0343000 JavaThread "Incoming local TCP Connector on port 42459" [_thread_in_native, id=12372, stack(0x00007f359800b000,0x00007f359810c000)]
  0x00007f35b00ca800 JavaThread "Service Thread" daemon [_thread_blocked, id=12370, stack(0x00007f35a0317000,0x00007f35a0418000)]
  0x00007f35b00bf800 JavaThread "C1 CompilerThread2" daemon [_thread_blocked, id=12369, stack(0x00007f35a0419000,0x00007f35a0519000)]
  0x00007f35b00bd800 JavaThread "C2 CompilerThread1" daemon [_thread_blocked, id=12368, stack(0x00007f35a051a000,0x00007f35a061a000)]
  0x00007f35b00ba800 JavaThread "C2 CompilerThread0" daemon [_thread_blocked, id=12367, stack(0x00007f35a061b000,0x00007f35a071b000)]
  0x00007f35b00b9000 JavaThread "Signal Dispatcher" daemon [_thread_blocked, id=12366, stack(0x00007f35a071b000,0x00007f35a081c000)]
  0x00007f35b0085000 JavaThread "Finalizer" daemon [_thread_blocked, id=12364, stack(0x00007f35a0afb000,0x00007f35a0bfc000)]
  0x00007f35b0080800 JavaThread "Reference Handler" daemon [_thread_blocked, id=12363, stack(0x00007f35a0bfc000,0x00007f35a0cfd000)]
  0x00007f35b000b800 JavaThread "main" [_thread_blocked, id=12357, stack(0x00007f35b8c79000,0x00007f35b8d79000)]

Other Threads:
=>0x00007f35b0079000 VMThread [stack: 0x00007f35a0cfe000,0x00007f35a0dfe000] [id=12362]
  0x00007f35b00cd000 WatcherThread [stack: 0x00007f35a0217000,0x00007f35a0317000] [id=12371]

VM state:at safepoint (normal execution)

VM Mutex/Monitor currently owned by a thread:  ([mutex/lock_event])
[0x00007f35b0007cd0] Threads_lock - owner thread: 0x00007f35b0079000
[0x00007f35b00081d0] Heap_lock - owner thread: 0x00007f35480e3800

Heap:
 PSYoungGen      total 109056K, used 10927K [0x00000000e0000000, 0x00000000e9280000, 0x0000000100000000)
  eden space 97792K, 0% used [0x00000000e0000000,0x00000000e0000000,0x00000000e5f80000)
  from space 11264K, 97% used [0x00000000e7c80000,0x00000000e872bc18,0x00000000e8780000)
  to   space 7680K, 0% used [0x00000000e8b00000,0x00000000e8b00000,0x00000000e9280000)
 ParOldGen       total 64512K, used 10132K [0x00000000a0000000, 0x00000000a3f00000, 0x00000000e0000000)
  object space 64512K, 15% used [0x00000000a0000000,0x00000000a09e52d0,0x00000000a3f00000)
 Metaspace       used 33113K, capacity 33730K, committed 33968K, reserved 1079296K
  class space    used 4564K, capacity 4769K, committed 4784K, reserved 1048576K

Card table byte_map: [0x00007f35b61af000,0x00007f35b64b0000] byte_map_base: 0x00007f35b5caf000

Marking Bits: (ParMarkBitMap*) 0x00007f35b8354f00
 Begin Bits: [0x00007f3599000000, 0x00007f359a800000)
 End Bits:   [0x00007f359a800000, 0x00007f359c000000)

Polling page: 0x00007f35b8daf000

CodeCache: size=245760Kb used=9923Kb max_used=9942Kb free=235836Kb
 bounds [0x00007f35a1000000, 0x00007f35a19c0000, 0x00007f35b0000000]
 total_blobs=3459 nmethods=2783 adapters=590
 compilation: enabled

Compilation events (10 events):
Event: 10,248 Thread 0x00007f35b00bd800 nmethod 2822 0x00007f35a19b4c50 code [0x00007f35a19b4da0, 0x00007f35a19b4e98]
Event: 10,248 Thread 0x00007f35b00ba800 nmethod 2821 0x00007f35a19b3e90 code [0x00007f35a19b4000, 0x00007f35a19b42a8]
Event: 10,303 Thread 0x00007f35b00bf800 2824       3       java.util.concurrent.locks.ReentrantLock::tryLock (9 bytes)
Event: 10,481 Thread 0x00007f35b00bf800 nmethod 2824 0x00007f35a19b4810 code [0x00007f35a19b4980, 0x00007f35a19b4ba8]
Event: 11,193 Thread 0x00007f35b00bf800 2825       3       com.google.common.cache.LocalCache::nullEntry (4 bytes)
Event: 11,203 Thread 0x00007f35b00bd800 2826       4       org.gradle.cache.internal.btree.BTreePersistentIndexedCache$IndexEntry::<init> (5 bytes)
Event: 11,388 Thread 0x00007f35b00bf800 nmethod 2825 0x00007f35a19b3b90 code [0x00007f35a19b3ce0, 0x00007f35a19b3e10]
Event: 11,409 Thread 0x00007f35b00bd800 nmethod 2826 0x00007f35a196ff90 code [0x00007f35a19700e0, 0x00007f35a1970138]
Event: 11,433 Thread 0x00007f35b00bf800 2827       3       java.util.AbstractQueue::add (20 bytes)
Event: 11,438 Thread 0x00007f35b00ba800 2837       4       java.util.AbstractCollection::isEmpty (13 bytes)

GC Heap History (10 events):
Event: 1,251 GC heap after
Heap after GC invocations=3 (full 0):
 PSYoungGen      total 37888K, used 5100K [0x00000000e0000000, 0x00000000e4a00000, 0x0000000100000000)
  eden space 32768K, 0% used [0x00000000e0000000,0x00000000e0000000,0x00000000e2000000)
  from space 5120K, 99% used [0x00000000e2000000,0x00000000e24fb0a0,0x00000000e2500000)
  to   space 5120K, 0% used [0x00000000e4500000,0x00000000e4500000,0x00000000e4a00000)
 ParOldGen       total 86016K, used 1879K [0x00000000a0000000, 0x00000000a5400000, 0x00000000e0000000)
  object space 86016K, 2% used [0x00000000a0000000,0x00000000a01d5fe0,0x00000000a5400000)
 Metaspace       used 13536K, capacity 13822K, committed 14080K, reserved 1060864K
  class space    used 1879K, capacity 2029K, committed 2048K, reserved 1048576K
}
Event: 1,497 GC heap before
{Heap before GC invocations=4 (full 0):
 PSYoungGen      total 37888K, used 37868K [0x00000000e0000000, 0x00000000e4a00000, 0x0000000100000000)
  eden space 32768K, 100% used [0x00000000e0000000,0x00000000e2000000,0x00000000e2000000)
  from space 5120K, 99% used [0x00000000e2000000,0x00000000e24fb0a0,0x00000000e2500000)
  to   space 5120K, 0% used [0x00000000e4500000,0x00000000e4500000,0x00000000e4a00000)
 ParOldGen       total 86016K, used 1879K [0x00000000a0000000, 0x00000000a5400000, 0x00000000e0000000)
  object space 86016K, 2% used [0x00000000a0000000,0x00000000a01d5fe0,0x00000000a5400000)
 Metaspace       used 16192K, capacity 16526K, committed 16896K, reserved 1062912K
  class space    used 2332K, capacity 2487K, committed 2560K, reserved 1048576K
Event: 1,508 GC heap after
Heap after GC invocations=4 (full 0):
 PSYoungGen      total 70656K, used 5088K [0x00000000e0000000, 0x00000000e4a00000, 0x0000000100000000)
  eden space 65536K, 0% used [0x00000000e0000000,0x00000000e0000000,0x00000000e4000000)
  from space 5120K, 99% used [0x00000000e4500000,0x00000000e49f8030,0x00000000e4a00000)
  to   space 5120K, 0% used [0x00000000e4000000,0x00000000e4000000,0x00000000e4500000)
 ParOldGen       total 86016K, used 4853K [0x00000000a0000000, 0x00000000a5400000, 0x00000000e0000000)
  object space 86016K, 5% used [0x00000000a0000000,0x00000000a04bd7f8,0x00000000a5400000)
 Metaspace       used 16192K, capacity 16526K, committed 16896K, reserved 1062912K
  class space    used 2332K, capacity 2487K, committed 2560K, reserved 1048576K
}
Event: 2,078 GC heap before
{Heap before GC invocations=5 (full 0):
 PSYoungGen      total 70656K, used 43515K [0x00000000e0000000, 0x00000000e4a00000, 0x0000000100000000)
  eden space 65536K, 58% used [0x00000000e0000000,0x00000000e2586c80,0x00000000e4000000)
  from space 5120K, 99% used [0x00000000e4500000,0x00000000e49f8030,0x00000000e4a00000)
  to   space 5120K, 0% used [0x00000000e4000000,0x00000000e4000000,0x00000000e4500000)
 ParOldGen       total 86016K, used 4853K [0x00000000a0000000, 0x00000000a5400000, 0x00000000e0000000)
  object space 86016K, 5% used [0x00000000a0000000,0x00000000a04bd7f8,0x00000000a5400000)
 Metaspace       used 20716K, capacity 21180K, committed 21296K, reserved 1067008K
  class space    used 2895K, capacity 3086K, committed 3120K, reserved 1048576K
Event: 2,094 GC heap after
Heap after GC invocations=5 (full 0):
 PSYoungGen      total 70656K, used 5088K [0x00000000e0000000, 0x00000000e9600000, 0x0000000100000000)
  eden space 65536K, 0% used [0x00000000e0000000,0x00000000e0000000,0x00000000e4000000)
  from space 5120K, 99% used [0x00000000e4000000,0x00000000e44f8060,0x00000000e4500000)
  to   space 11264K, 0% used [0x00000000e8b00000,0x00000000e8b00000,0x00000000e9600000)
 ParOldGen       total 86016K, used 9813K [0x00000000a0000000, 0x00000000a5400000, 0x00000000e0000000)
  object space 86016K, 11% used [0x00000000a0000000,0x00000000a0995618,0x00000000a5400000)
 Metaspace       used 20716K, capacity 21180K, committed 21296K, reserved 1067008K
  class space    used 2895K, capacity 3086K, committed 3120K, reserved 1048576K
}
Event: 2,094 GC heap before
{Heap before GC invocations=6 (full 1):
 PSYoungGen      total 70656K, used 5088K [0x00000000e0000000, 0x00000000e9600000, 0x0000000100000000)
  eden space 65536K, 0% used [0x00000000e0000000,0x00000000e0000000,0x00000000e4000000)
  from space 5120K, 99% used [0x00000000e4000000,0x00000000e44f8060,0x00000000e4500000)
  to   space 11264K, 0% used [0x00000000e8b00000,0x00000000e8b00000,0x00000000e9600000)
 ParOldGen       total 86016K, used 9813K [0x00000000a0000000, 0x00000000a5400000, 0x00000000e0000000)
  object space 86016K, 11% used [0x00000000a0000000,0x00000000a0995618,0x00000000a5400000)
 Metaspace       used 20716K, capacity 21180K, committed 21296K, reserved 1067008K
  class space    used 2895K, capacity 3086K, committed 3120K, reserved 1048576K
Event: 2,130 GC heap after
Heap after GC invocations=6 (full 1):
 PSYoungGen      total 70656K, used 0K [0x00000000e0000000, 0x00000000e9600000, 0x0000000100000000)
  eden space 65536K, 0% used [0x00000000e0000000,0x00000000e0000000,0x00000000e4000000)
  from space 5120K, 0% used [0x00000000e4000000,0x00000000e4000000,0x00000000e4500000)
  to   space 11264K, 0% used [0x00000000e8b00000,0x00000000e8b00000,0x00000000e9600000)
 ParOldGen       total 64512K, used 10116K [0x00000000a0000000, 0x00000000a3f00000, 0x00000000e0000000)
  object space 64512K, 15% used [0x00000000a0000000,0x00000000a09e12d0,0x00000000a3f00000)
 Metaspace       used 20716K, capacity 21180K, committed 21296K, reserved 1067008K
  class space    used 2895K, capacity 3086K, committed 3120K, reserved 1048576K
}
Event: 3,741 GC heap before
{Heap before GC invocations=7 (full 1):
 PSYoungGen      total 70656K, used 65536K [0x00000000e0000000, 0x00000000e9600000, 0x0000000100000000)
  eden space 65536K, 100% used [0x00000000e0000000,0x00000000e4000000,0x00000000e4000000)
  from space 5120K, 0% used [0x00000000e4000000,0x00000000e4000000,0x00000000e4500000)
  to   space 11264K, 0% used [0x00000000e8b00000,0x00000000e8b00000,0x00000000e9600000)
 ParOldGen       total 64512K, used 10116K [0x00000000a0000000, 0x00000000a3f00000, 0x00000000e0000000)
  object space 64512K, 15% used [0x00000000a0000000,0x00000000a09e12d0,0x00000000a3f00000)
 Metaspace       used 28512K, capacity 29012K, committed 29360K, reserved 1075200K
  class space    used 3836K, capacity 4001K, committed 4016K, reserved 1048576K
Event: 3,759 GC heap after
Heap after GC invocations=7 (full 1):
 PSYoungGen      total 105472K, used 7673K [0x00000000e0000000, 0x00000000e9280000, 0x0000000100000000)
  eden space 97792K, 0% used [0x00000000e0000000,0x00000000e0000000,0x00000000e5f80000)
  from space 7680K, 99% used [0x00000000e8b00000,0x00000000e927e610,0x00000000e9280000)
  to   space 11264K, 0% used [0x00000000e7c80000,0x00000000e7c80000,0x00000000e8780000)
 ParOldGen       total 64512K, used 10124K [0x00000000a0000000, 0x00000000a3f00000, 0x00000000e0000000)
  object space 64512K, 15% used [0x00000000a0000000,0x00000000a09e32d0,0x00000000a3f00000)
 Metaspace       used 28512K, capacity 29012K, committed 29360K, reserved 1075200K
  class space    used 3836K, capacity 4001K, committed 4016K, reserved 1048576K
}
Event: 11,473 GC heap before
{Heap before GC invocations=8 (full 1):
 PSYoungGen      total 105472K, used 105465K [0x00000000e0000000, 0x00000000e9280000, 0x0000000100000000)
  eden space 97792K, 100% used [0x00000000e0000000,0x00000000e5f80000,0x00000000e5f80000)
  from space 7680K, 99% used [0x00000000e8b00000,0x00000000e927e610,0x00000000e9280000)
  to   space 11264K, 0% used [0x00000000e7c80000,0x00000000e7c80000,0x00000000e8780000)
 ParOldGen       total 64512K, used 10124K [0x00000000a0000000, 0x00000000a3f00000, 0x00000000e0000000)
  object space 64512K, 15% used [0x00000000a0000000,0x00000000a09e32d0,0x00000000a3f00000)
 Metaspace       used 33113K, capacity 33730K, committed 33968K, reserved 1079296K
  class space    used 4564K, capacity 4769K, committed 4784K, reserved 1048576K

Deoptimization events (10 events):
Event: 4,942 Thread 0x00007f355c00a000 Uncommon trap: reason=unstable_if action=reinterpret pc=0x00007f35a123317c method=java.net.URI.match(CJJ)Z @ 45
Event: 4,942 Thread 0x00007f355c00a000 Uncommon trap: reason=unstable_if action=reinterpret pc=0x00007f35a11692ac method=java.net.URI.match(CJJ)Z @ 19
Event: 9,001 Thread 0x00007f355c00a000 Uncommon trap: reason=class_check action=maybe_recompile pc=0x00007f35a15092cc method=java.util.concurrent.ConcurrentHashMap.putVal(Ljava/lang/Object;Ljava/lang/Object;Z)Ljava/lang/Object; @ 192
Event: 9,001 Thread 0x00007f35482ea000 Uncommon trap: reason=class_check action=maybe_recompile pc=0x00007f35a15092cc method=java.util.concurrent.ConcurrentHashMap.putVal(Ljava/lang/Object;Ljava/lang/Object;Z)Ljava/lang/Object; @ 192
Event: 9,014 Thread 0x00007f355c00a000 Uncommon trap: reason=class_check action=maybe_recompile pc=0x00007f35a15092cc method=java.util.concurrent.ConcurrentHashMap.putVal(Ljava/lang/Object;Ljava/lang/Object;Z)Ljava/lang/Object; @ 192
Event: 9,014 Thread 0x00007f35489e6800 Uncommon trap: reason=class_check action=maybe_recompile pc=0x00007f35a15092cc method=java.util.concurrent.ConcurrentHashMap.putVal(Ljava/lang/Object;Ljava/lang/Object;Z)Ljava/lang/Object; @ 192
Event: 9,044 Thread 0x00007f35482ea000 Uncommon trap: reason=unstable_if action=reinterpret pc=0x00007f35a13f31a0 method=java.util.concurrent.ConcurrentHashMap.addCount(JI)V @ 34
Event: 9,048 Thread 0x00007f35489e6800 Uncommon trap: reason=unstable_if action=reinterpret pc=0x00007f35a1406834 method=java.util.concurrent.ConcurrentHashMap.transfer([Ljava/util/concurrent/ConcurrentHashMap$Node;[Ljava/util/concurrent/ConcurrentHashMap$Node;)V @ 34
Event: 9,048 Thread 0x00007f35489e8000 Uncommon trap: reason=unstable_if action=reinterpret pc=0x00007f35a18fbe10 method=java.util.concurrent.ConcurrentHashMap.get(Ljava/lang/Object;)Ljava/lang/Object; @ 86
Event: 9,051 Thread 0x00007f355c00a000 Uncommon trap: reason=unstable_if action=reinterpret pc=0x00007f35a140686c method=java.util.concurrent.ConcurrentHashMap.transfer([Ljava/util/concurrent/ConcurrentHashMap$Node;[Ljava/util/concurrent/ConcurrentHashMap$Node;)V @ 277

Classes redefined (0 events):
No events

Internal exceptions (10 events):
Event: 4,916 Thread 0x00007f355c00a000 Exception <a 'java/security/PrivilegedActionException'> (0x00000000e33e91f8) thrown at [/buildbot/src/googleplex-android/openjdk/out/hotspot/src/share/vm/prims/jvm.cpp, line 1390]
Event: 4,916 Thread 0x00007f355c00a000 Exception <a 'java/security/PrivilegedActionException'> (0x00000000e33e9f78) thrown at [/buildbot/src/googleplex-android/openjdk/out/hotspot/src/share/vm/prims/jvm.cpp, line 1390]
Event: 4,916 Thread 0x00007f355c00a000 Exception <a 'java/lang/ClassNotFoundException': org/codehaus/groovy/runtime/GStringImplBeanInfo> (0x00000000e33f59f8) thrown at [/buildbot/src/googleplex-android/openjdk/out/hotspot/src/share/vm/classfile/systemDictionary.cpp, line 210]
Event: 4,917 Thread 0x00007f355c00a000 Exception <a 'java/security/PrivilegedActionException'> (0x00000000e33ff0c0) thrown at [/buildbot/src/googleplex-android/openjdk/out/hotspot/src/share/vm/prims/jvm.cpp, line 1390]
Event: 4,917 Thread 0x00007f355c00a000 Exception <a 'java/security/PrivilegedActionException'> (0x00000000e33ffe40) thrown at [/buildbot/src/googleplex-android/openjdk/out/hotspot/src/share/vm/prims/jvm.cpp, line 1390]
Event: 4,917 Thread 0x00007f355c00a000 Exception <a 'java/security/PrivilegedActionException'> (0x00000000e340e470) thrown at [/buildbot/src/googleplex-android/openjdk/out/hotspot/src/share/vm/prims/jvm.cpp, line 1390]
Event: 4,917 Thread 0x00007f355c00a000 Exception <a 'java/security/PrivilegedActionException'> (0x00000000e340f1f0) thrown at [/buildbot/src/googleplex-android/openjdk/out/hotspot/src/share/vm/prims/jvm.cpp, line 1390]
Event: 4,917 Thread 0x00007f355c00a000 Exception <a 'java/security/PrivilegedActionException'> (0x00000000e341cde0) thrown at [/buildbot/src/googleplex-android/openjdk/out/hotspot/src/share/vm/prims/jvm.cpp, line 1390]
Event: 4,917 Thread 0x00007f355c00a000 Exception <a 'java/security/PrivilegedActionException'> (0x00000000e341db60) thrown at [/buildbot/src/googleplex-android/openjdk/out/hotspot/src/share/vm/prims/jvm.cpp, line 1390]
Event: 4,917 Thread 0x00007f355c00a000 Exception <a 'java/lang/ClassNotFoundException': org/codehaus/groovy/runtime/GStringImplCustomizer> (0x00000000e34298b0) thrown at [/buildbot/src/googleplex-android/openjdk/out/hotspot/src/share/vm/classfile/systemDictionary.cpp, line 210]

Events (10 events):
Event: 10,310 loading class org/gradle/internal/snapshot/impl/DefaultFileSystemSnapshotter$5 done
Event: 10,408 loading class org/gradle/internal/snapshot/RegularFileSnapshot
Event: 10,417 loading class org/gradle/internal/snapshot/RegularFileSnapshot done
Event: 10,528 loading class org/gradle/internal/snapshot/AbstractFileSystemLocationSnapshot
Event: 10,541 loading class org/gradle/internal/snapshot/AbstractFileSystemLocationSnapshot done
Event: 11,244 loading class org/gradle/launcher/daemon/server/health/gc/DefaultSlidingWindow
Event: 11,245 loading class org/gradle/launcher/daemon/server/health/gc/DefaultSlidingWindow done
Event: 11,426 loading class java/util/concurrent/LinkedBlockingDeque
Event: 11,456 Executing VM operation: ParallelGCFailedAllocation
Event: 11,462 loading class java/util/concurrent/BlockingDeque


Dynamic libraries:
00400000-00401000 r-xp 00000000 08:01 4851185                            /home/ajax/Downloads/android-studio/jre/bin/java
00401000-00402000 rw-p 00000000 08:01 4851185                            /home/ajax/Downloads/android-studio/jre/bin/java
012fd000-0131e000 rw-p 00000000 00:00 0                                  [heap]
a0000000-a3f00000 rw-p 00000000 00:00 0 
a3f00000-e0000000 ---p 00000000 00:00 0 
e0000000-e9280000 rw-p 00000000 00:00 0 
ea700000-100000000 ---p 00000000 00:00 0 
100000000-1004ac000 rw-p 00000000 00:00 0 
1004ac000-140000000 ---p 00000000 00:00 0 
7f351c000000-7f351c021000 rw-p 00000000 00:00 0 
7f351c021000-7f3520000000 ---p 00000000 00:00 0 
7f3520000000-7f3520021000 rw-p 00000000 00:00 0 
7f3520021000-7f3524000000 ---p 00000000 00:00 0 
7f3524000000-7f3524021000 rw-p 00000000 00:00 0 
7f3524021000-7f3528000000 ---p 00000000 00:00 0 
7f3528000000-7f3528021000 rw-p 00000000 00:00 0 
7f3528021000-7f352c000000 ---p 00000000 00:00 0 
7f352c000000-7f352c021000 rw-p 00000000 00:00 0 
7f352c021000-7f3530000000 ---p 00000000 00:00 0 
7f3530000000-7f3530021000 rw-p 00000000 00:00 0 
7f3530021000-7f3534000000 ---p 00000000 00:00 0 
7f3536272000-7f3536275000 ---p 00000000 00:00 0 
7f3536275000-7f3536373000 rw-p 00000000 00:00 0 
7f3536373000-7f3536376000 ---p 00000000 00:00 0 
7f3536376000-7f3536474000 rw-p 00000000 00:00 0 
7f3536474000-7f3536477000 ---p 00000000 00:00 0 
7f3536477000-7f3536575000 rw-p 00000000 00:00 0 
7f3536575000-7f3536578000 ---p 00000000 00:00 0 
7f3536578000-7f35366f6000 rw-p 00000000 00:00 0 
7f35366f6000-7f3536876000 ---p 00000000 00:00 0 
7f3536876000-7f3536a76000 rw-p 00000000 00:00 0 
7f3536a76000-7f3536a79000 ---p 00000000 00:00 0 
7f3536a79000-7f3536b77000 rw-p 00000000 00:00 0 
7f3536b77000-7f3536b7a000 ---p 00000000 00:00 0 
7f3536b7a000-7f3536e78000 rw-p 00000000 00:00 0 
7f3536e78000-7f3537078000 rw-p 00000000 00:00 0 
7f3537078000-7f3537278000 rw-p 00000000 00:00 0 
7f3537278000-7f3537478000 rw-p 00000000 00:00 0 
7f3537478000-7f3537678000 rw-p 00000000 00:00 0 
7f3537678000-7f35378ea000 r--s 01914000 08:01 20845314                   /home/ajax/.gradle/caches/jars-3/82369510698072463efbe6adcbe28b53/gradle-api-impldep-4.10.jar
7f35378ea000-7f3537a45000 r--s 00bad000 08:01 20715131                   /home/ajax/.gradle/caches/jars-3/9f8c68e9e5f76d63aea917149b6bc9a0/gradle-api-4.10.jar
7f3537a52000-7f3537a55000 ---p 00000000 00:00 0 
7f3537a55000-7f3537b53000 rw-p 00000000 00:00 0 
7f3537b53000-7f3537cff000 r--s 02ff1000 08:01 20845316                   /home/ajax/.gradle/caches/jars-3/ae5f7430858c47face138456b17cb646/android.jar
7f3537cff000-7f3537eff000 rw-p 00000000 00:00 0 
7f3537eff000-7f3537f02000 ---p 00000000 00:00 0 
7f3537f02000-7f3538000000 rw-p 00000000 00:00 0 
7f3538000000-7f3538036000 rw-p 00000000 00:00 0 
7f3538036000-7f353c000000 ---p 00000000 00:00 0 
7f353c000000-7f353c021000 rw-p 00000000 00:00 0 
7f353c021000-7f3540000000 ---p 00000000 00:00 0 
7f3540000000-7f3540021000 rw-p 00000000 00:00 0 
7f3540021000-7f3544000000 ---p 00000000 00:00 0 
7f3544000000-7f3544021000 rw-p 00000000 00:00 0 
7f3544021000-7f3548000000 ---p 00000000 00:00 0 
7f3548000000-7f35495d0000 rw-p 00000000 00:00 0 
7f35495d0000-7f354c000000 ---p 00000000 00:00 0 
7f354c000000-7f354c3f2000 rw-p 00000000 00:00 0 
7f354c3f2000-7f3550000000 ---p 00000000 00:00 0 
7f3550000000-7f3550023000 rw-p 00000000 00:00 0 
7f3550023000-7f3554000000 ---p 00000000 00:00 0 
7f3554000000-7f3554021000 rw-p 00000000 00:00 0 
7f3554021000-7f3558000000 ---p 00000000 00:00 0 
7f3558000000-7f3558021000 rw-p 00000000 00:00 0 
7f3558021000-7f355c000000 ---p 00000000 00:00 0 
7f355c000000-7f355c021000 rw-p 00000000 00:00 0 
7f355c021000-7f3560000000 ---p 00000000 00:00 0 
7f3560000000-7f3560073000 rw-p 00000000 00:00 0 
7f3560073000-7f3564000000 ---p 00000000 00:00 0 
7f3564000000-7f3564021000 rw-p 00000000 00:00 0 
7f3564021000-7f3568000000 ---p 00000000 00:00 0 
7f3568020000-7f3568052000 r--s 0026a000 08:01 20845322                   /home/ajax/.gradle/caches/jars-3/1292525a786f20744e75964100cf9267/guava-25.1-jre.jar
7f3568052000-7f356807a000 r--s 006f7000 08:01 20845318                   /home/ajax/.gradle/caches/jars-3/627b9b84e15ca0d34161ad9f06b2dc71/sdk-tools.jar
7f356807a000-7f35680f4000 r--s 010fd000 08:01 4851145                    /home/ajax/Downloads/android-studio/jre/lib/tools.jar
7f35680f4000-7f35682f4000 rw-p 00000000 00:00 0 
7f35682f4000-7f35682f7000 ---p 00000000 00:00 0 
7f35682f7000-7f35683f5000 rw-p 00000000 00:00 0 
7f35683f5000-7f35683f8000 ---p 00000000 00:00 0 
7f35683f8000-7f35684f6000 rw-p 00000000 00:00 0 
7f35684f6000-7f35684f9000 ---p 00000000 00:00 0 
7f35684f9000-7f35687f7000 rw-p 00000000 00:00 0 
7f35687f7000-7f35687fa000 ---p 00000000 00:00 0 
7f35687fa000-7f35688f8000 rw-p 00000000 00:00 0 
7f35688f8000-7f35688fb000 ---p 00000000 00:00 0 
7f35688fb000-7f35689f9000 rw-p 00000000 00:00 0 
7f35689f9000-7f35689fc000 ---p 00000000 00:00 0 
7f35689fc000-7f3568afa000 rw-p 00000000 00:00 0 
7f3568afa000-7f3568afd000 ---p 00000000 00:00 0 
7f3568afd000-7f3568bfb000 rw-p 00000000 00:00 0 
7f3568bfb000-7f3568bfe000 ---p 00000000 00:00 0 
7f3568bfe000-7f3568cfc000 rw-p 00000000 00:00 0 
7f3568cfc000-7f3568cff000 ---p 00000000 00:00 0 
7f3568cff000-7f3568dfd000 rw-p 00000000 00:00 0 
7f3568dfd000-7f3568e00000 ---p 00000000 00:00 0 
7f3568e00000-7f3568efe000 rw-p 00000000 00:00 0 
7f3568efe000-7f3568f01000 ---p 00000000 00:00 0 
7f3568f01000-7f356c000000 rw-p 00000000 00:00 0 
7f356c000000-7f356c8d7000 rw-p 00000000 00:00 0 
7f356c8d7000-7f3570000000 ---p 00000000 00:00 0 
7f3570000000-7f3570021000 rw-p 00000000 00:00 0 
7f3570021000-7f3574000000 ---p 00000000 00:00 0 
7f3574000000-7f3575d69000 rw-p 00000000 00:00 0 
7f3575d69000-7f3578000000 ---p 00000000 00:00 0 
7f3578000000-7f3579db4000 rw-p 00000000 00:00 0 
7f3579db4000-7f357c000000 ---p 00000000 00:00 0 
7f357c000000-7f357c021000 rw-p 00000000 00:00 0 
7f357c021000-7f3580000000 ---p 00000000 00:00 0 
7f3580000000-7f3580021000 rw-p 00000000 00:00 0 
7f3580021000-7f3584000000 ---p 00000000 00:00 0 
7f3584000000-7f35842c0000 rw-p 00000000 00:00 0 
7f35842c0000-7f3588000000 ---p 00000000 00:00 0 
7f3588000000-7f3588021000 rw-p 00000000 00:00 0 
7f3588021000-7f358c000000 ---p 00000000 00:00 0 
7f358c000000-7f358c021000 rw-p 00000000 00:00 0 
7f358c021000-7f3590000000 ---p 00000000 00:00 0 
7f3590000000-7f3590021000 rw-p 00000000 00:00 0 
7f3590021000-7f3594000000 ---p 00000000 00:00 0 
7f3594000000-7f3594025000 rw-p 00000000 00:00 0 
7f3594025000-7f3598000000 ---p 00000000 00:00 0 
7f3598004000-7f359800b000 r--s 00000000 08:01 2884816                    /usr/lib/x86_64-linux-gnu/gconv/gconv-modules.cache
7f359800b000-7f359800e000 ---p 00000000 00:00 0 
7f359800e000-7f359810c000 rw-p 00000000 00:00 0 
7f359810c000-7f3598111000 r--s 0009a000 08:01 4851100                    /home/ajax/Downloads/android-studio/jre/jre/lib/jsse.jar
7f3598111000-7f3598311000 rw-p 00000000 00:00 0 
7f3598311000-7f3598319000 r-xp 00000000 08:01 4851047                    /home/ajax/Downloads/android-studio/jre/jre/lib/amd64/libmanagement.so
7f3598319000-7f359831a000 rw-p 00007000 08:01 4851047                    /home/ajax/Downloads/android-studio/jre/jre/lib/amd64/libmanagement.so
7f359831a000-7f359831d000 r--s 0000e000 08:01 20709538                   /home/ajax/.gradle/wrapper/dists/gradle-5.1.1-all/97z1ksx6lirer3kbvdnh7jtjg/gradle-5.1.1/lib/plugins/gradle-tooling-api-builders-5.1.1.jar
7f359831d000-7f359831e000 r--s 00005000 08:01 20709559                   /home/ajax/.gradle/wrapper/dists/gradle-5.1.1-all/97z1ksx6lirer3kbvdnh7jtjg/gradle-5.1.1/lib/plugins/gradle-build-profile-5.1.1.jar
7f359831e000-7f3598320000 r--s 00003000 08:01 20709518                   /home/ajax/.gradle/wrapper/dists/gradle-5.1.1-all/97z1ksx6lirer3kbvdnh7jtjg/gradle-5.1.1/lib/plugins/gradle-tooling-native-5.1.1.jar
7f3598320000-7f3598325000 r--s 0001d000 08:01 20709520                   /home/ajax/.gradle/wrapper/dists/gradle-5.1.1-all/97z1ksx6lirer3kbvdnh7jtjg/gradle-5.1.1/lib/plugins/gradle-testing-native-5.1.1.jar
7f3598325000-7f3598327000 r--s 0000f000 08:01 20709615                   /home/ajax/.gradle/wrapper/dists/gradle-5.1.1-all/97z1ksx6lirer3kbvdnh7jtjg/gradle-5.1.1/lib/plugins/jcommander-1.72.jar
7f3598327000-7f3598330000 r--s 00089000 08:01 20709591                   /home/ajax/.gradle/wrapper/dists/gradle-5.1.1-all/97z1ksx6lirer3kbvdnh7jtjg/gradle-5.1.1/lib/plugins/testng-6.3.1.jar
7f3598330000-7f3598335000 r--s 0005a000 08:01 20709595                   /home/ajax/.gradle/wrapper/dists/gradle-5.1.1-all/97z1ksx6lirer3kbvdnh7jtjg/gradle-5.1.1/lib/plugins/bsh-2.0b6.jar
7f3598335000-7f3598339000 r--s 0001c000 08:01 20709539                   /home/ajax/.gradle/wrapper/dists/gradle-5.1.1-all/97z1ksx6lirer3kbvdnh7jtjg/gradle-5.1.1/lib/plugins/gradle-testing-jvm-5.1.1.jar
7f3598339000-7f359833c000 r--s 00011000 08:01 20709633                   /home/ajax/.gradle/wrapper/dists/gradle-5.1.1-all/97z1ksx6lirer3kbvdnh7jtjg/gradle-5.1.1/lib/plugins/junit-platform-commons-1.3.1.jar
7f359833c000-7f359833d000 r--s 00001000 08:01 20709635                   /home/ajax/.gradle/wrapper/dists/gradle-5.1.1-all/97z1ksx6lirer3kbvdnh7jtjg/gradle-5.1.1/lib/plugins/opentest4j-1.1.1.jar
7f359833d000-7f3598341000 r--s 0001d000 08:01 20709632                   /home/ajax/.gradle/wrapper/dists/gradle-5.1.1-all/97z1ksx6lirer3kbvdnh7jtjg/gradle-5.1.1/lib/plugins/junit-platform-engine-1.3.1.jar
7f3598341000-7f3598342000 r--s 00000000 08:01 20709634                   /home/ajax/.gradle/wrapper/dists/gradle-5.1.1-all/97z1ksx6lirer3kbvdnh7jtjg/gradle-5.1.1/lib/plugins/apiguardian-api-1.0.0.jar
7f3598342000-7f3598345000 r--s 00015000 08:01 20709596                   /home/ajax/.gradle/wrapper/dists/gradle-5.1.1-all/97z1ksx6lirer3kbvdnh7jtjg/gradle-5.1.1/lib/plugins/junit-platform-launcher-1.3.1.jar
7f3598345000-7f3598347000 r--s 00009000 08:01 20709613                   /home/ajax/.gradle/wrapper/dists/gradle-5.1.1-all/97z1ksx6lirer3kbvdnh7jtjg/gradle-5.1.1/lib/plugins/hamcrest-core-1.3.jar
7f3598347000-7f359834f000 r--s 00045000 08:01 20709594                   /home/ajax/.gradle/wrapper/dists/gradle-5.1.1-all/97z1ksx6lirer3kbvdnh7jtjg/gradle-5.1.1/lib/plugins/junit-4.12.jar
7f359834f000-7f3598350000 r--s 00003000 08:01 20709537                   /home/ajax/.gradle/wrapper/dists/gradle-5.1.1-all/97z1ksx6lirer3kbvdnh7jtjg/gradle-5.1.1/lib/plugins/gradle-testing-junit-platform-5.1.1.jar
7f3598350000-7f3598358000 r--s 00034000 08:01 20709547                   /home/ajax/.gradle/wrapper/dists/gradle-5.1.1-all/97z1ksx6lirer3kbvdnh7jtjg/gradle-5.1.1/lib/plugins/gradle-testing-base-5.1.1.jar
7f3598358000-7f3598360000 r--s 00047000 08:01 20709585                   /home/ajax/.gradle/wrapper/dists/gradle-5.1.1-all/97z1ksx6lirer3kbvdnh7jtjg/gradle-5.1.1/lib/plugins/bcpg-jdk15on-1.60.jar
7f3598360000-7f3598362000 r--s 0000e000 08:01 20709517                   /home/ajax/.gradle/wrapper/dists/gradle-5.1.1-all/97z1ksx6lirer3kbvdnh7jtjg/gradle-5.1.1/lib/plugins/gradle-signing-5.1.1.jar
7f3598362000-7f3598364000 r--s 00009000 08:01 20709526                   /home/ajax/.gradle/wrapper/dists/gradle-5.1.1-all/97z1ksx6lirer3kbvdnh7jtjg/gradle-5.1.1/lib/plugins/gradle-scala-5.1.1.jar
7f3598364000-7f3598365000 r--s 00004000 08:01 20709558                   /home/ajax/.gradle/wrapper/dists/gradle-5.1.1-all/97z1ksx6lirer3kbvdnh7jtjg/gradle-5.1.1/lib/plugins/gradle-resources-sftp-5.1.1.jar
7f3598365000-7f359836e000 r--s 0005b000 08:01 20709562                   /home/ajax/.gradle/wrapper/dists/gradle-5.1.1-all/97z1ksx6lirer3kbvdnh7jtjg/gradle-5.1.1/lib/plugins/aws-java-sdk-kms-1.11.407.jar
7f359836e000-7f3598370000 r--s 00005000 08:01 20709602                   /home/ajax/.gradle/wrapper/dists/gradle-5.1.1-all/97z1ksx6lirer3kbvdnh7jtjg/gradle-5.1.1/lib/plugins/jmespath-java-1.11.407.jar
7f3598370000-7f3598383000 r--s 000ca000 08:01 20709561                   /home/ajax/.gradle/wrapper/dists/gradle-5.1.1-all/97z1ksx6lirer3kbvdnh7jtjg/gradle-5.1.1/lib/plugins/aws-java-sdk-s3-1.11.407.jar
7f3598383000-7f359838d000 r--s 00081000 08:01 20709631                   /home/ajax/.gradle/wrapper/dists/gradle-5.1.1-all/97z1ksx6lirer3kbvdnh7jtjg/gradle-5.1.1/lib/plugins/ion-java-1.0.2.jar
7f359838d000-7f35983a3000 r--s 000ca000 08:01 20709563                   /home/ajax/.gradle/wrapper/dists/gradle-5.1.1-all/97z1ksx6lirer3kbvdnh7jtjg/gradle-5.1.1/lib/plugins/aws-java-sdk-core-1.11.407.jar
7f35983a3000-7f35983a5000 r--s 00004000 08:01 20709554                   /home/ajax/.gradle/wrapper/dists/gradle-5.1.1-all/97z1ksx6lirer3kbvdnh7jtjg/gradle-5.1.1/lib/plugins/gradle-resources-s3-5.1.1.jar
7f35983a5000-7f35983b6000 r--s 0008c000 08:01 20709606                   /home/ajax/.gradle/wrapper/dists/gradle-5.1.1-all/97z1ksx6lirer3kbvdnh7jtjg/gradle-5.1.1/lib/plugins/joda-time-2.10.jar
7f35983b6000-7f35983c9000 r--s 00137000 08:01 20709603                   /home/ajax/.gradle/wrapper/dists/gradle-5.1.1-all/97z1ksx6lirer3kbvdnh7jtjg/gradle-5.1.1/lib/plugins/jackson-databind-2.9.6.jar
7f35983c9000-7f35983cc000 r--s 0000e000 08:01 20709605                   /home/ajax/.gradle/wrapper/dists/gradle-5.1.1-all/97z1ksx6lirer3kbvdnh7jtjg/gradle-5.1.1/lib/plugins/jackson-annotations-2.9.6.jar
7f35983cc000-7f35983d1000 r--s 0004b000 08:01 20709604                   /home/ajax/.gradle/wrapper/dists/gradle-5.1.1-all/97z1ksx6lirer3kbvdnh7jtjg/gradle-5.1.1/lib/plugins/jackson-core-2.9.6.jar
7f35983d1000-7f35983d2000 r--s 00001000 08:01 20709570                   /home/ajax/.gradle/wrapper/dists/gradle-5.1.1-all/97z1ksx6lirer3kbvdnh7jtjg/gradle-5.1.1/lib/plugins/google-http-client-jackson2-1.25.0.jar
7f35983d2000-7f35983dc000 r--s 00056000 08:01 20709571                   /home/ajax/.gradle/wrapper/dists/gradle-5.1.1-all/97z1ksx6lirer3kbvdnh7jtjg/gradle-5.1.1/lib/plugins/google-http-client-1.25.0.jar
7f35983dc000-7f35983df000 r--s 0000d000 08:01 20709569                   /home/ajax/.gradle/wrapper/dists/gradle-5.1.1-all/97z1ksx6lirer3kbvdnh7jtjg/gradle-5.1.1/lib/plugins/google-oauth-client-1.25.0.jar
7f35983df000-7f35983e4000 r--s 0002d000 08:01 20709568                   /home/ajax/.gradle/wrapper/dists/gradle-5.1.1-all/97z1ksx6lirer3kbvdnh7jtjg/gradle-5.1.1/lib/plugins/google-api-client-1.25.0.jar
7f35983e4000-7f35983e8000 r--s 0001d000 08:01 20709567                   /home/ajax/.gradle/wrapper/dists/gradle-5.1.1-all/97z1ksx6lirer3kbvdnh7jtjg/gradle-5.1.1/lib/plugins/google-api-services-storage-v1-rev136-1.25.0.jar
7f35983e8000-7f35983ea000 r--s 00003000 08:01 20709555                   /home/ajax/.gradle/wrapper/dists/gradle-5.1.1-all/97z1ksx6lirer3kbvdnh7jtjg/gradle-5.1.1/lib/plugins/gradle-resources-gcs-5.1.1.jar
7f35983ea000-7f35983ec000 r--s 00010000 08:01 20709553                   /home/ajax/.gradle/wrapper/dists/gradle-5.1.1-all/97z1ksx6lirer3kbvdnh7jtjg/gradle-5.1.1/lib/plugins/gradle-reporting-5.1.1.jar
7f35983ec000-7f35983ee000 r--s 00007000 08:01 20709546                   /home/ajax/.gradle/wrapper/dists/gradle-5.1.1-all/97z1ksx6lirer3kbvdnh7jtjg/gradle-5.1.1/lib/plugins/gradle-publish-5.1.1.jar
7f35983ee000-7f35983f0000 r--s 0000c000 08:01 20709575                   /home/ajax/.gradle/wrapper/dists/gradle-5.1.1-all/97z1ksx6lirer3kbvdnh7jtjg/gradle-5.1.1/lib/plugins/commons-cli-1.4.jar
7f35983f0000-7f35983f7000 r--s 0003e000 08:01 20709534                   /home/ajax/.gradle/wrapper/dists/gradle-5.1.1-all/97z1ksx6lirer3kbvdnh7jtjg/gradle-5.1.1/lib/plugins/gradle-plugins-5.1.1.jar
7f35983f7000-7f35983f9000 r--s 0000c000 08:01 20709522                   /home/ajax/.gradle/wrapper/dists/gradle-5.1.1-all/97z1ksx6lirer3kbvdnh7jtjg/gradle-5.1.1/lib/plugins/gradle-plugin-development-5.1.1.jar
7f35983f9000-7f35983ff000 r--s 00030000 08:01 20709529                   /home/ajax/.gradle/wrapper/dists/gradle-5.1.1-all/97z1ksx6lirer3kbvdnh7jtjg/gradle-5.1.1/lib/plugins/gradle-platform-play-5.1.1.jar
7f35983ff000-7f3598405000 r--s 0003d000 08:01 20709592                   /home/ajax/.gradle/wrapper/dists/gradle-5.1.1-all/97z1ksx6lirer3kbvdnh7jtjg/gradle-5.1.1/lib/plugins/snakeyaml-1.17.jar
7f3598405000-7f3598416000 r--s 00076000 08:01 20709544                   /home/ajax/.gradle/wrapper/dists/gradle-5.1.1-all/97z1ksx6lirer3kbvdnh7jtjg/gradle-5.1.1/lib/plugins/gradle-platform-native-5.1.1.jar
7f3598416000-7f359841a000 r--s 0001b000 08:01 20709543                   /home/ajax/.gradle/wrapper/dists/gradle-5.1.1-all/97z1ksx6lirer3kbvdnh7jtjg/gradle-5.1.1/lib/plugins/gradle-platform-jvm-5.1.1.jar
7f359841a000-7f3598421000 r--s 00029000 08:01 20709548                   /home/ajax/.gradle/wrapper/dists/gradle-5.1.1-all/97z1ksx6lirer3kbvdnh7jtjg/gradle-5.1.1/lib/plugins/gradle-platform-base-5.1.1.jar
7f3598421000-7f359844e000 r--s 0025e000 08:01 20709576                   /home/ajax/.gradle/wrapper/dists/gradle-5.1.1-all/97z1ksx6lirer3kbvdnh7jtjg/gradle-5.1.1/lib/plugins/biz.aQute.bndlib-4.0.0.jar
7f359844e000-7f359844f000 r--s 00004000 08:01 20709516                   /home/ajax/.gradle/wrapper/dists/gradle-5.1.1-all/97z1ksx6lirer3kbvdnh7jtjg/gradle-5.1.1/lib/plugins/gradle-osgi-5.1.1.jar
7f359844f000-7f3598452000 r--s 0000c000 08:01 20709581                   /home/ajax/.gradle/wrapper/dists/gradle-5.1.1-all/97z1ksx6lirer3kbvdnh7jtjg/gradle-5.1.1/lib/plugins/pmaven-groovy-0.8-20100325.jar
7f3598452000-7f3598453000 r--s 00004000 08:01 20709580                   /home/ajax/.gradle/wrapper/dists/gradle-5.1.1-all/97z1ksx6lirer3kbvdnh7jtjg/gradle-5.1.1/lib/plugins/pmaven-common-0.8-20100325.jar
7f3598453000-7f3598454000 r--s 00008000 08:01 20709566                   /home/ajax/.gradle/wrapper/dists/gradle-5.1.1-all/97z1ksx6lirer3kbvdnh7jtjg/gradle-5.1.1/lib/plugins/wagon-http-shared-3.0.0.jar
7f3598454000-7f3598455000 r--s 00002000 08:01 20709565                   /home/ajax/.gradle/wrapper/dists/gradle-5.1.1-all/97z1ksx6lirer3kbvdnh7jtjg/gradle-5.1.1/lib/plugins/wagon-http-3.0.0.jar
7f3598455000-7f3598456000 r--s 00002000 08:01 20709582                   /home/ajax/.gradle/wrapper/dists/gradle-5.1.1-all/97z1ksx6lirer3kbvdnh7jtjg/gradle-5.1.1/lib/plugins/wagon-file-3.0.0.jar
7f3598456000-7f3598458000 r--s 00006000 08:01 20709584                   /home/ajax/.gradle/wrapper/dists/gradle-5.1.1-all/97z1ksx6lirer3kbvdnh7jtjg/gradle-5.1.1/lib/plugins/aether-connector-wagon-1.13.1.jar
7f3598458000-7f359845e000 r--s 0002e000 08:01 20709523                   /home/ajax/.gradle/wrapper/dists/gradle-5.1.1-all/97z1ksx6lirer3kbvdnh7jtjg/gradle-5.1.1/lib/plugins/gradle-maven-5.1.1.jar
7f359845e000-7f3598461000 r--s 0000b000 08:01 20709536                   /home/ajax/.gradle/wrapper/dists/gradle-5.1.1-all/97z1ksx6lirer3kbvdnh7jtjg/gradle-5.1.1/lib/plugins/gradle-language-scala-5.1.1.jar
7f3598461000-7f359846d000 r--s 00059000 08:01 20709521                   /home/ajax/.gradle/wrapper/dists/gradle-5.1.1-all/97z1ksx6lirer3kbvdnh7jtjg/gradle-5.1.1/lib/plugins/gradle-language-native-5.1.1.jar
7f359846d000-7f3598470000 r--s 00004000 08:01 20709542                   /home/ajax/.gradle/wrapper/dists/gradle-5.1.1-all/97z1ksx6lirer3kbvdnh7jtjg/gradle-5.1.1/lib/plugins/gradle-language-jvm-5.1.1.jar
7f3598470000-7f3598479000 r--s 00040000 08:01 20709540                   /home/ajax/.gradle/wrapper/dists/gradle-5.1.1-all/97z1ksx6lirer3kbvdnh7jtjg/gradle-5.1.1/lib/plugins/gradle-language-java-5.1.1.jar
7f3598479000-7f359847b000 r--s 0000b000 08:01 20709535                   /home/ajax/.gradle/wrapper/dists/gradle-5.1.1-all/97z1ksx6lirer3kbvdnh7jtjg/gradle-5.1.1/lib/plugins/gradle-language-groovy-5.1.1.jar
7f359847b000-7f3598482000 r--s 00035000 08:01 20709588                   /home/ajax/.gradle/wrapper/dists/gradle-5.1.1-all/97z1ksx6lirer3kbvdnh7jtjg/gradle-5.1.1/lib/plugins/simple-4.1.21.jar
7f3598482000-7f359848f000 r--s 00125000 08:01 20709586                   /home/ajax/.gradle/wrapper/dists/gradle-5.1.1-all/97z1ksx6lirer3kbvdnh7jtjg/gradle-5.1.1/lib/plugins/rhino-1.7.10.jar
7f359848f000-7f3598493000 r--s 00012000 08:01 20709530                   /home/ajax/.gradle/wrapper/dists/gradle-5.1.1-all/97z1ksx6lirer3kbvdnh7jtjg/gradle-5.1.1/lib/plugins/gradle-javascript-5.1.1.jar
7f3598493000-7f3598496000 r--s 00011000 08:01 20709532                   /home/ajax/.gradle/wrapper/dists/gradle-5.1.1-all/97z1ksx6lirer3kbvdnh7jtjg/gradle-5.1.1/lib/plugins/gradle-jacoco-5.1.1.jar
7f3598496000-7f3598499000 r--s 00013000 08:01 20709531                   /home/ajax/.gradle/wrapper/dists/gradle-5.1.1-all/97z1ksx6lirer3kbvdnh7jtjg/gradle-5.1.1/lib/plugins/gradle-ivy-5.1.1.jar
7f3598499000-7f359849a000 r--s 00002000 08:01 20709524                   /home/ajax/.gradle/wrapper/dists/gradle-5.1.1-all/97z1ksx6lirer3kbvdnh7jtjg/gradle-5.1.1/lib/plugins/gradle-ide-play-5.1.1.jar
7f359849a000-7f359849c000 r--s 00011000 08:01 20709593                   /home/ajax/.gradle/wrapper/dists/gradle-5.1.1-all/97z1ksx6lirer3kbvdnh7jtjg/gradle-5.1.1/lib/plugins/dd-plist-1.21.jar
7f359849c000-7f35984a3000 r--s 00033000 08:01 20709519                   /home/ajax/.gradle/wrapper/dists/gradle-5.1.1-all/97z1ksx6lirer3kbvdnh7jtjg/gradle-5.1.1/lib/plugins/gradle-ide-native-5.1.1.jar
7f35984a3000-7f35984ad000 r--s 0005e000 08:01 20709525                   /home/ajax/.gradle/wrapper/dists/gradle-5.1.1-all/97z1ksx6lirer3kbvdnh7jtjg/gradle-5.1.1/lib/plugins/gradle-ide-5.1.1.jar
7f35984ad000-7f35984af000 r--s 00008000 08:01 20709528                   /home/ajax/.gradle/wrapper/dists/gradle-5.1.1-all/97z1ksx6lirer3kbvdnh7jtjg/gradle-5.1.1/lib/plugins/gradle-ear-5.1.1.jar
7f35984af000-7f35984b1000 r--s 00006000 08:01 20709589                   /home/ajax/.gradle/wrapper/dists/gradle-5.1.1-all/97z1ksx6lirer3kbvdnh7jtjg/gradle-5.1.1/lib/plugins/jatl-0.2.3.jar
7f35984b1000-7f35984b8000 r--s 0003d000 08:01 20709545                   /home/ajax/.gradle/wrapper/dists/gradle-5.1.1-all/97z1ksx6lirer3kbvdnh7jtjg/gradle-5.1.1/lib/plugins/gradle-diagnostics-5.1.1.jar
7f35984b8000-7f35984bd000 r--s 00028000 08:01 20709515                   /home/ajax/.gradle/wrapper/dists/gradle-5.1.1-all/97z1ksx6lirer3kbvdnh7jtjg/gradle-5.1.1/lib/plugins/gradle-code-quality-5.1.1.jar
7f35984bd000-7f35984bf000 r--s 0000b000 08:01 20709590                   /home/ajax/.gradle/wrapper/dists/gradle-5.1.1-all/97z1ksx6lirer3kbvdnh7jtjg/gradle-5.1.1/lib/plugins/maven-plugin-api-3.0.4.jar
7f35984bf000-7f35984c1000 r--s 0000c000 08:01 20709628                   /home/ajax/.gradle/wrapper/dists/gradle-5.1.1-all/97z1ksx6lirer3kbvdnh7jtjg/gradle-5.1.1/lib/plugins/wagon-provider-api-3.0.0.jar
7f35984c1000-7f35984c7000 r--s 0003f000 08:01 20709578                   /home/ajax/.gradle/wrapper/dists/gradle-5.1.1-all/97z1ksx6lirer3kbvdnh7jtjg/gradle-5.1.1/lib/plugins/maven-compat-3.0.4.jar
7f35984c7000-7f35984ca000 r--s 0000a000 08:01 20709625                   /home/ajax/.gradle/wrapper/dists/gradle-5.1.1-all/97z1ksx6lirer3kbvdnh7jtjg/gradle-5.1.1/lib/plugins/plexus-classworlds-2.5.1.jar
7f35984ca000-7f35984ce000 r--s 00021000 08:01 20709630                   /home/ajax/.gradle/wrapper/dists/gradle-5.1.1-all/97z1ksx6lirer3kbvdnh7jtjg/gradle-5.1.1/lib/plugins/xbean-reflect-3.7.jar
7f35984ce000-7f35984d5000 r--s 00032000 08:01 20709583                   /home/ajax/.gradle/wrapper/dists/gradle-5.1.1-all/97z1ksx6lirer3kbvdnh7jtjg/gradle-5.1.1/lib/plugins/plexus-container-default-1.7.1.jar
7f35984d5000-7f35984db000 r--s 0002e000 08:01 20709533                   /home/ajax/.gradle/wrapper/dists/gradle-5.1.1-all/97z1ksx6lirer3kbvdnh7jtjg/gradle-5.1.1/lib/plugins/gradle-build-init-5.1.1.jar
7f35984db000-7f35984e1000 r--s 0002e000 08:01 20709527                   /home/ajax/.gradle/wrapper/dists/gradle-5.1.1-all/97z1ksx6lirer3kbvdnh7jtjg/gradle-5.1.1/lib/plugins/gradle-build-comparison-5.1.1.jar
7f35984e1000-7f35984e2000 r--s 00002000 08:01 20709556                   /home/ajax/.gradle/wrapper/dists/gradle-5.1.1-all/97z1ksx6lirer3kbvdnh7jtjg/gradle-5.1.1/lib/plugins/gradle-build-cache-http-5.1.1.jar
7f35984e2000-7f35984e4000 r--s 00009000 08:01 20709514                   /home/ajax/.gradle/wrapper/dists/gradle-5.1.1-all/97z1ksx6lirer3kbvdnh7jtjg/gradle-5.1.1/lib/plugins/gradle-antlr-5.1.1.jar
7f35984e4000-7f35984e5000 r--s 00005000 08:01 20709513                   /home/ajax/.gradle/wrapper/dists/gradle-5.1.1-all/97z1ksx6lirer3kbvdnh7jtjg/gradle-5.1.1/lib/plugins/gradle-announce-5.1.1.jar
7f35984e5000-7f35984e8000 r--s 00016000 08:01 20709434                   /home/ajax/.gradle/wrapper/dists/gradle-5.1.1-all/97z1ksx6lirer3kbvdnh7jtjg/gradle-5.1.1/lib/gradle-kotlin-dsl-tooling-builders-1.1.1.jar
7f35984e8000-7f35984ea000 r--s 00006000 08:01 20709433                   /home/ajax/.gradle/wrapper/dists/gradle-5.1.1-all/97z1ksx6lirer3kbvdnh7jtjg/gradle-5.1.1/lib/gradle-kotlin-dsl-provider-plugins-1.1.1.jar
7f35984ea000-7f35984eb000 r--s 00000000 08:01 20709447                   /home/ajax/.gradle/wrapper/dists/gradle-5.1.1-all/97z1ksx6lirer3kbvdnh7jtjg/gradle-5.1.1/lib/gradle-runtime-api-info-5.1.1.jar
7f35984eb000-7f35984f0000 r--s 00040000 08:01 20709600                   /home/ajax/.gradle/wrapper/dists/gradle-5.1.1-all/97z1ksx6lirer3kbvdnh7jtjg/gradle-5.1.1/lib/plugins/jsch-0.1.54.jar
7f35984f0000-7f35984f2000 r--s 00010000 08:01 20709616                   /home/ajax/.gradle/wrapper/dists/gradle-5.1.1-all/97z1ksx6lirer3kbvdnh7jtjg/gradle-5.1.1/lib/plugins/jzlib-1.1.3.jar
7f35984f2000-7f3598517000 r--s 00265000 08:01 20709564                   /home/ajax/.gradle/wrapper/dists/gradle-5.1.1-all/97z1ksx6lirer3kbvdnh7jtjg/gradle-5.1.1/lib/plugins/org.eclipse.jgit-5.0.3.201809091024-r.jar
7f3598517000-7f3598519000 r--s 0000c000 08:01 20709550                   /home/ajax/.gradle/wrapper/dists/gradle-5.1.1-all/97z1ksx6lirer3kbvdnh7jtjg/gradle-5.1.1/lib/plugins/gradle-version-control-5.1.1.jar
7f3598519000-7f3598532000 r--s 0013a000 08:01 20709599                   /home/ajax/.gradle/wrapper/dists/gradle-5.1.1-all/97z1ksx6lirer3kbvdnh7jtjg/gradle-5.1.1/lib/plugins/xercesImpl-2.12.0.jar
7f3598532000-7f3598534000 r--s 0001d000 08:01 20709598                   /home/ajax/.gradle/wrapper/dists/gradle-5.1.1-all/97z1ksx6lirer3kbvdnh7jtjg/gradle-5.1.1/lib/plugins/nekohtml-1.9.22.jar
7f3598534000-7f359853a000 r--s 0005b000 08:01 20709597                   /home/ajax/.gradle/wrapper/dists/gradle-5.1.1-all/97z1ksx6lirer3kbvdnh7jtjg/gradle-5.1.1/lib/plugins/jcifs-1.3.17.jar
7f359853a000-7f3598541000 r--s 0004b000 08:01 20709573                   /home/ajax/.gradle/wrapper/dists/gradle-5.1.1-all/97z1ksx6lirer3kbvdnh7jtjg/gradle-5.1.1/lib/plugins/commons-codec-1.11.jar
7f3598541000-7f3598548000 r--s 00049000 08:01 20709614                   /home/ajax/.gradle/wrapper/dists/gradle-5.1.1-all/97z1ksx6lirer3kbvdnh7jtjg/gradle-5.1.1/lib/plugins/httpcore-4.4.10.jar
7f3598548000-7f3598555000 r--s 000af000 08:01 20709572                   /home/ajax/.gradle/wrapper/dists/gradle-5.1.1-all/97z1ksx6lirer3kbvdnh7jtjg/gradle-5.1.1/lib/plugins/httpclient-4.5.6.jar
7f3598555000-7f3598557000 r--s 0000e000 08:01 20709557                   /home/ajax/.gradle/wrapper/dists/gradle-5.1.1-all/97z1ksx6lirer3kbvdnh7jtjg/gradle-5.1.1/lib/plugins/gradle-resources-http-5.1.1.jar
7f3598557000-7f359855a000 r--s 0000c000 08:01 20709549                   /home/ajax/.gradle/wrapper/dists/gradle-5.1.1-all/97z1ksx6lirer3kbvdnh7jtjg/gradle-5.1.1/lib/plugins/gradle-plugin-use-5.1.1.jar
7f359855a000-7f359855d000 r--s 0000d000 08:01 20709552                   /home/ajax/.gradle/wrapper/dists/gradle-5.1.1-all/97z1ksx6lirer3kbvdnh7jtjg/gradle-5.1.1/lib/plugins/gradle-composite-builds-5.1.1.jar
7f359855d000-7f359855e000 r--s 00000000 08:01 20709450                   /home/ajax/.gradle/wrapper/dists/gradle-5.1.1-all/97z1ksx6lirer3kbvdnh7jtjg/gradle-5.1.1/lib/gradle-installation-beacon-5.1.1.jar
7f359855e000-7f3598560000 r--s 00006000 08:01 20709620                   /home/ajax/.gradle/wrapper/dists/gradle-5.1.1-all/97z1ksx6lirer3kbvdnh7jtjg/gradle-5.1.1/lib/plugins/maven-repository-metadata-3.0.4.jar
7f3598560000-7f3598562000 r--s 0000c000 08:01 20709608                   /home/ajax/.gradle/wrapper/dists/gradle-5.1.1-all/97z1ksx6lirer3kbvdnh7jtjg/gradle-5.1.1/lib/plugins/maven-aether-provider-3.0.4.jar
7f3598562000-7f3598563000 r--s 00003000 08:01 20709610                   /home/ajax/.gradle/wrapper/dists/gradle-5.1.1-all/97z1ksx6lirer3kbvdnh7jtjg/gradle-5.1.1/lib/plugins/aether-spi-1.13.1.jar
7f3598563000-7f3598566000 r--s 0001d000 08:01 20709609                   /home/ajax/.gradle/wrapper/dists/gradle-5.1.1-all/97z1ksx6lirer3kbvdnh7jtjg/gradle-5.1.1/lib/plugins/aether-impl-1.13.1.jar
7f3598566000-7f359856a000 r--s 0001c000 08:01 20709611                   /home/ajax/.gradle/wrapper/dists/gradle-5.1.1-all/97z1ksx6lirer3kbvdnh7jtjg/gradle-5.1.1/lib/plugins/aether-util-1.13.1.jar
7f359856a000-7f359856d000 r--s 00013000 08:01 20709612                   /home/ajax/.gradle/wrapper/dists/gradle-5.1.1-all/97z1ksx6lirer3kbvdnh7jtjg/gradle-5.1.1/lib/plugins/aether-api-1.13.1.jar
7f359856d000-7f359856f000 r--s 0000b000 08:01 20709617                   /home/ajax/.gradle/wrapper/dists/gradle-5.1.1-all/97z1ksx6lirer3kbvdnh7jtjg/gradle-5.1.1/lib/plugins/maven-artifact-3.0.4.jar
7f359856f000-7f3598573000 r--s 00021000 08:01 20709618                   /home/ajax/.gradle/wrapper/dists/gradle-5.1.1-all/97z1ksx6lirer3kbvdnh7jtjg/gradle-5.1.1/lib/plugins/maven-model-builder-3.0.4.jar
7f3598573000-7f3598575000 r--s 00026000 08:01 20709619                   /home/ajax/.gradle/wrapper/dists/gradle-5.1.1-all/97z1ksx6lirer3kbvdnh7jtjg/gradle-5.1.1/lib/plugins/maven-model-3.0.4.jar
7f3598575000-7f3598577000 r--s 0000a000 08:01 20709622                   /home/ajax/.gradle/wrapper/dists/gradle-5.1.1-all/97z1ksx6lirer3kbvdnh7jtjg/gradle-5.1.1/lib/plugins/maven-settings-3.0.4.jar
7f3598577000-7f3598579000 r--s 00002000 08:01 20709624                   /home/ajax/.gradle/wrapper/dists/gradle-5.1.1-all/97z1ksx6lirer3kbvdnh7jtjg/gradle-5.1.1/lib/plugins/plexus-cipher-1.7.jar
7f3598579000-7f359857a000 r--s 00006000 08:01 20709623                   /home/ajax/.gradle/wrapper/dists/gradle-5.1.1-all/97z1ksx6lirer3kbvdnh7jtjg/gradle-5.1.1/lib/plugins/plexus-sec-dispatcher-1.3.jar
7f359857a000-7f359857c000 r--s 00000000 08:01 20709626                   /home/ajax/.gradle/wrapper/dists/gradle-5.1.1-all/97z1ksx6lirer3kbvdnh7jtjg/gradle-5.1.1/lib/plugins/plexus-component-annotations-1.5.5.jar
7f359857c000-7f359857e000 r--s 0000d000 08:01 20709627                   /home/ajax/.gradle/wrapper/dists/gradle-5.1.1-all/97z1ksx6lirer3kbvdnh7jtjg/gradle-5.1.1/lib/plugins/plexus-interpolation-1.14.jar
7f359857e000-7f3598582000 r--s 0003c000 08:01 20709629                   /home/ajax/.gradle/wrapper/dists/gradle-5.1.1-all/97z1ksx6lirer3kbvdnh7jtjg/gradle-5.1.1/lib/plugins/plexus-utils-3.1.0.jar
7f3598582000-7f35985da000 r--s 003a7000 08:01 20709607                   /home/ajax/.gradle/wrapper/dists/gradle-5.1.1-all/97z1ksx6lirer3kbvdnh7jtjg/gradle-5.1.1/lib/plugins/bcprov-jdk15on-1.60.jar
7f35985da000-7f359860c000 r--s 001a9000 08:01 20709551                   /home/ajax/.gradle/wrapper/dists/gradle-5.1.1-all/97z1ksx6lirer3kbvdnh7jtjg/gradle-5.1.1/lib/plugins/gradle-dependency-management-5.1.1.jar
7f359860c000-7f3598623000 r-xp 00000000 08:01 11403766                   /lib/x86_64-linux-gnu/libgcc_s.so.1
7f3598623000-7f3598822000 ---p 00017000 08:01 11403766                   /lib/x86_64-linux-gnu/libgcc_s.so.1
7f3598822000-7f3598823000 r--p 00016000 08:01 11403766                   /lib/x86_64-linux-gnu/libgcc_s.so.1
7f3598823000-7f3598824000 rw-p 00017000 08:01 11403766                   /lib/x86_64-linux-gnu/libgcc_s.so.1
7f3598824000-7f359899d000 r-xp 00000000 08:01 2752865                    /usr/lib/x86_64-linux-gnu/libstdc++.so.6.0.25
7f359899d000-7f3598b9d000 ---p 00179000 08:01 2752865                    /usr/lib/x86_64-linux-gnu/libstdc++.so.6.0.25
7f3598b9d000-7f3598ba7000 r--p 00179000 08:01 2752865                    /usr/lib/x86_64-linux-gnu/libstdc++.so.6.0.25
7f3598ba7000-7f3598ba9000 rw-p 00183000 08:01 2752865                    /usr/lib/x86_64-linux-gnu/libstdc++.so.6.0.25
7f3598ba9000-7f3598bad000 rw-p 00000000 00:00 0 
7f3598bad000-7f3598bb0000 r--s 00008000 08:01 20709621                   /home/ajax/.gradle/wrapper/dists/gradle-5.1.1-all/97z1ksx6lirer3kbvdnh7jtjg/gradle-5.1.1/lib/plugins/maven-settings-builder-3.0.4.jar
7f3598bb0000-7f3598bbc000 r--s 0007d000 08:01 20709579                   /home/ajax/.gradle/wrapper/dists/gradle-5.1.1-all/97z1ksx6lirer3kbvdnh7jtjg/gradle-5.1.1/lib/plugins/maven-core-3.0.4.jar
7f3598bbc000-7f3598bd1000 r--s 00116000 08:01 20709577                   /home/ajax/.gradle/wrapper/dists/gradle-5.1.1-all/97z1ksx6lirer3kbvdnh7jtjg/gradle-5.1.1/lib/plugins/ivy-2.3.0.jar
7f3598bd1000-7f3598bd6000 r--s 00036000 08:01 20709587                   /home/ajax/.gradle/wrapper/dists/gradle-5.1.1-all/97z1ksx6lirer3kbvdnh7jtjg/gradle-5.1.1/lib/plugins/gson-2.8.5.jar
7f3598bd6000-7f3598bd7000 r--s 00013000 08:01 20709574                   /home/ajax/.gradle/wrapper/dists/gradle-5.1.1-all/97z1ksx6lirer3kbvdnh7jtjg/gradle-5.1.1/lib/plugins/asm-util-7.0.jar
7f3598bd7000-7f3598bd9000 r--s 0000f000 08:01 20709560                   /home/ajax/.gradle/wrapper/dists/gradle-5.1.1-all/97z1ksx6lirer3kbvdnh7jtjg/gradle-5.1.1/lib/plugins/gradle-workers-5.1.1.jar
7f3598bd9000-7f3598bde000 r-xp 00000000 08:01 20715107                   /home/ajax/.gradle/native/25/linux-amd64/libnative-platform.so
7f3598bde000-7f3598ddd000 ---p 00005000 08:01 20715107                   /home/ajax/.gradle/native/25/linux-amd64/libnative-platform.so
7f3598ddd000-7f3598dde000 rw-p 00004000 08:01 20715107                   /home/ajax/.gradle/native/25/linux-amd64/libnative-platform.so
7f3598dde000-7f3598dee000 r-xp 00000000 08:01 4851071                    /home/ajax/Downloads/android-studio/jre/jre/lib/amd64/libnio.so
7f3598dee000-7f3598def000 rw-p 00010000 08:01 4851071                    /home/ajax/Downloads/android-studio/jre/jre/lib/amd64/libnio.so
7f3598def000-7f3598e05000 r-xp 00000000 08:01 4851080                    /home/ajax/Downloads/android-studio/jre/jre/lib/amd64/libnet.so
7f3598e05000-7f3598e06000 rw-p 00016000 08:01 4851080                    /home/ajax/Downloads/android-studio/jre/jre/lib/amd64/libnet.so
7f3598e06000-7f3598e07000 r--s 00006000 08:01 20709449                   /home/ajax/.gradle/wrapper/dists/gradle-5.1.1-all/97z1ksx6lirer3kbvdnh7jtjg/gradle-5.1.1/lib/gradle-wrapper-5.1.1.jar
7f3598e07000-7f3598e16000 r--s 0004b000 08:01 20709448                   /home/ajax/.gradle/wrapper/dists/gradle-5.1.1-all/97z1ksx6lirer3kbvdnh7jtjg/gradle-5.1.1/lib/gradle-tooling-api-5.1.1.jar
7f3598e16000-7f3598e25000 r--s 00231000 08:01 20709444                   /home/ajax/.gradle/wrapper/dists/gradle-5.1.1-all/97z1ksx6lirer3kbvdnh7jtjg/gradle-5.1.1/lib/kotlinx-metadata-jvm-0.0.4.jar
7f3598e25000-7f3598e27000 r--s 00002000 08:01 20709443                   /home/ajax/.gradle/wrapper/dists/gradle-5.1.1-all/97z1ksx6lirer3kbvdnh7jtjg/gradle-5.1.1/lib/kotlin-stdlib-jdk8-1.3.11.jar
7f3598e27000-7f3599000000 r--s 01b06000 08:01 20709436                   /home/ajax/.gradle/wrapper/dists/gradle-5.1.1-all/97z1ksx6lirer3kbvdnh7jtjg/gradle-5.1.1/lib/kotlin-compiler-embeddable-1.3.11.jar
7f3599000000-7f359c000000 rw-p 00000000 00:00 0 
7f359c000000-7f359c023000 rw-p 00000000 00:00 0 
7f359c023000-7f35a0000000 ---p 00000000 00:00 0 
7f35a0000000-7f35a0001000 r--s 00000000 08:01 20709442                   /home/ajax/.gradle/wrapper/dists/gradle-5.1.1-all/97z1ksx6lirer3kbvdnh7jtjg/gradle-5.1.1/lib/kotlin-stdlib-jdk7-1.3.11.jar
7f35a0001000-7f35a0008000 r--s 0001e000 08:01 20709441                   /home/ajax/.gradle/wrapper/dists/gradle-5.1.1-all/97z1ksx6lirer3kbvdnh7jtjg/gradle-5.1.1/lib/kotlin-stdlib-common-1.3.11.jar
7f35a0008000-7f35a001b000 r--s 0010e000 08:01 20709440                   /home/ajax/.gradle/wrapper/dists/gradle-5.1.1-all/97z1ksx6lirer3kbvdnh7jtjg/gradle-5.1.1/lib/kotlin-stdlib-1.3.11.jar
7f35a001b000-7f35a001d000 r--s 00009000 08:01 20709439                   /home/ajax/.gradle/wrapper/dists/gradle-5.1.1-all/97z1ksx6lirer3kbvdnh7jtjg/gradle-5.1.1/lib/kotlin-script-runtime-1.3.11.jar
7f35a001d000-7f35a001e000 r--s 00002000 08:01 20709438                   /home/ajax/.gradle/wrapper/dists/gradle-5.1.1-all/97z1ksx6lirer3kbvdnh7jtjg/gradle-5.1.1/lib/kotlin-sam-with-receiver-compiler-plugin-1.3.11.jar
7f35a001e000-7f35a0054000 r--s 00250000 08:01 20709437                   /home/ajax/.gradle/wrapper/dists/gradle-5.1.1-all/97z1ksx6lirer3kbvdnh7jtjg/gradle-5.1.1/lib/kotlin-reflect-1.3.11.jar
7f35a0054000-7f35a0055000 r--s 00001000 08:01 20709435                   /home/ajax/.gradle/wrapper/dists/gradle-5.1.1-all/97z1ksx6lirer3kbvdnh7jtjg/gradle-5.1.1/lib/gradle-kotlin-dsl-tooling-models-1.1.1.jar
7f35a0055000-7f35a0057000 r--s 00003000 08:01 20709431                   /home/ajax/.gradle/wrapper/dists/gradle-5.1.1-all/97z1ksx6lirer3kbvdnh7jtjg/gradle-5.1.1/lib/annotations-13.0.jar
7f35a0057000-7f35a0071000 r--s 0014e000 08:01 20709432                   /home/ajax/.gradle/wrapper/dists/gradle-5.1.1-all/97z1ksx6lirer3kbvdnh7jtjg/gradle-5.1.1/lib/gradle-kotlin-dsl-1.1.1.jar
7f35a0071000-7f35a0073000 r--s 00007000 08:01 20709454                   /home/ajax/.gradle/wrapper/dists/gradle-5.1.1-all/97z1ksx6lirer3kbvdnh7jtjg/gradle-5.1.1/lib/gradle-build-cache-packaging-5.1.1.jar
7f35a0073000-7f35a0076000 r--s 00010000 08:01 20709453                   /home/ajax/.gradle/wrapper/dists/gradle-5.1.1-all/97z1ksx6lirer3kbvdnh7jtjg/gradle-5.1.1/lib/gradle-execution-5.1.1.jar
7f35a0076000-7f35a007a000 r--s 0001a000 08:01 20709456                   /home/ajax/.gradle/wrapper/dists/gradle-5.1.1-all/97z1ksx6lirer3kbvdnh7jtjg/gradle-5.1.1/lib/gradle-files-5.1.1.jar
7f35a007a000-7f35a007f000 r--s 00022000 08:01 20709455                   /home/ajax/.gradle/wrapper/dists/gradle-5.1.1-all/97z1ksx6lirer3kbvdnh7jtjg/gradle-5.1.1/lib/gradle-snapshots-5.1.1.jar
7f35a007f000-7f35a0080000 r--s 00003000 08:01 20709469                   /home/ajax/.gradle/wrapper/dists/gradle-5.1.1-all/97z1ksx6lirer3kbvdnh7jtjg/gradle-5.1.1/lib/gradle-build-option-5.1.1.jar
7f35a0080000-7f35a0082000 r--s 00005000 08:01 20709470                   /home/ajax/.gradle/wrapper/dists/gradle-5.1.1-all/97z1ksx6lirer3kbvdnh7jtjg/gradle-5.1.1/lib/gradle-cli-5.1.1.jar
7f35a0082000-7f35a0084000 r--s 00004000 08:01 20709480                   /home/ajax/.gradle/wrapper/dists/gradle-5.1.1-all/97z1ksx6lirer3kbvdnh7jtjg/gradle-5.1.1/lib/log4j-over-slf4j-1.7.25.jar
7f35a0084000-7f35a0086000 r--s 00000000 08:01 20709479                   /home/ajax/.gradle/wrapper/dists/gradle-5.1.1-all/97z1ksx6lirer3kbvdnh7jtjg/gradle-5.1.1/lib/jul-to-slf4j-1.7.25.jar
7f35a0086000-7f35a0088000 r--s 00003000 08:01 20709478                   /home/ajax/.gradle/wrapper/dists/gradle-5.1.1-all/97z1ksx6lirer3kbvdnh7jtjg/gradle-5.1.1/lib/jcl-over-slf4j-1.7.25.jar
7f35a0088000-7f35a0090000 r--s 00035000 08:01 20709462                   /home/ajax/.gradle/wrapper/dists/gradle-5.1.1-all/97z1ksx6lirer3kbvdnh7jtjg/gradle-5.1.1/lib/gradle-logging-5.1.1.jar
7f35a0090000-7f35a0095000 r--s 00015000 08:01 20709464                   /home/ajax/.gradle/wrapper/dists/gradle-5.1.1-all/97z1ksx6lirer3kbvdnh7jtjg/gradle-5.1.1/lib/gradle-resources-5.1.1.jar
7f35a0095000-7f35a009c000 r--s 00036000 08:01 20709461                   /home/ajax/.gradle/wrapper/dists/gradle-5.1.1-all/97z1ksx6lirer3kbvdnh7jtjg/gradle-5.1.1/lib/gradle-persistent-cache-5.1.1.jar
7f35a009c000-7f35a00a1000 r--s 00014000 08:01 20709460                   /home/ajax/.gradle/wrapper/dists/gradle-5.1.1-all/97z1ksx6lirer3kbvdnh7jtjg/gradle-5.1.1/lib/gradle-build-cache-5.1.1.jar
7f35a00a1000-7f35a00b2000 r--s 00092000 08:01 20709458                   /home/ajax/.gradle/wrapper/dists/gradle-5.1.1-all/97z1ksx6lirer3kbvdnh7jtjg/gradle-5.1.1/lib/gradle-model-core-5.1.1.jar
7f35a00b2000-7f35a00b4000 r--s 0000d000 08:01 20709466                   /home/ajax/.gradle/wrapper/dists/gradle-5.1.1-all/97z1ksx6lirer3kbvdnh7jtjg/gradle-5.1.1/lib/gradle-base-services-groovy-5.1.1.jar
7f35a00b4000-7f35a00b6000 r--s 00007000 08:01 20709457                   /home/ajax/.gradle/wrapper/dists/gradle-5.1.1-all/97z1ksx6lirer3kbvdnh7jtjg/gradle-5.1.1/lib/gradle-model-groovy-5.1.1.jar
7f35a00b6000-7f35a00b8000 r--s 00006000 08:01 20709471                   /home/ajax/.gradle/wrapper/dists/gradle-5.1.1-all/97z1ksx6lirer3kbvdnh7jtjg/gradle-5.1.1/lib/gradle-docs-5.1.1.jar
7f35a00b8000-7f35a00c1000 r--s 0002d000 08:01 20709492                   /home/ajax/.gradle/wrapper/dists/gradle-5.1.1-all/97z1ksx6lirer3kbvdnh7jtjg/gradle-5.1.1/lib/xml-apis-1.4.01.jar
7f35a00c1000-7f35a00c2000 r--s 00000000 08:01 20709488                   /home/ajax/.gradle/wrapper/dists/gradle-5.1.1-all/97z1ksx6lirer3kbvdnh7jtjg/gradle-5.1.1/lib/javax.inject-1.jar
7f35a00c2000-7f35a0147000 r--s 007a7000 08:01 20709486                   /home/ajax/.gradle/wrapper/dists/gradle-5.1.1-all/97z1ksx6lirer3kbvdnh7jtjg/gradle-5.1.1/lib/groovy-all-1.0-2.5.4.jar
7f35a0147000-7f35a0152000 r--s 00086000 08:01 20709491                   /home/ajax/.gradle/wrapper/dists/gradle-5.1.1-all/97z1ksx6lirer3kbvdnh7jtjg/gradle-5.1.1/lib/commons-compress-1.18.jar
7f35a0152000-7f35a015f000 r--s 00083000 08:01 20709489                   /home/ajax/.gradle/wrapper/dists/gradle-5.1.1-all/97z1ksx6lirer3kbvdnh7jtjg/gradle-5.1.1/lib/commons-collections-3.2.2.jar
7f35a015f000-7f35a0161000 r--s 00007000 08:01 20709473                   /home/ajax/.gradle/wrapper/dists/gradle-5.1.1-all/97z1ksx6lirer3kbvdnh7jtjg/gradle-5.1.1/lib/asm-analysis-7.0.jar
7f35a0161000-7f35a0163000 r--s 0000b000 08:01 20709474                   /home/ajax/.gradle/wrapper/dists/gradle-5.1.1-all/97z1ksx6lirer3kbvdnh7jtjg/gradle-5.1.1/lib/asm-tree-7.0.jar
7f35a0163000-7f35a0165000 r--s 00012000 08:01 20709472                   /home/ajax/.gradle/wrapper/dists/gradle-5.1.1-all/97z1ksx6lirer3kbvdnh7jtjg/gradle-5.1.1/lib/asm-commons-7.0.jar
7f35a0165000-7f35a0166000 r--s 00004000 08:01 20709498                   /home/ajax/.gradle/wrapper/dists/gradle-5.1.1-all/97z1ksx6lirer3kbvdnh7jtjg/gradle-5.1.1/lib/native-platform-freebsd-amd64-libcpp-0.14.jar
7f35a0166000-7f35a0167000 r--s 00004000 08:01 20709499                   /home/ajax/.gradle/wrapper/dists/gradle-5.1.1-all/97z1ksx6lirer3kbvdnh7jtjg/gradle-5.1.1/lib/native-platform-freebsd-amd64-libstdcpp-0.14.jar
7f35a0167000-7f35a0168000 r--s 00004000 08:01 20709500                   /home/ajax/.gradle/wrapper/dists/gradle-5.1.1-all/97z1ksx6lirer3kbvdnh7jtjg/gradle-5.1.1/lib/native-platform-freebsd-i386-libcpp-0.14.jar
7f35a0168000-7f35a0169000 r--s 00003000 08:01 20709501                   /home/ajax/.gradle/wrapper/dists/gradle-5.1.1-all/97z1ksx6lirer3kbvdnh7jtjg/gradle-5.1.1/lib/native-platform-freebsd-i386-libstdcpp-0.14.jar
7f35a0169000-7f35a016a000 r--s 00002000 08:01 20709502                   /home/ajax/.gradle/wrapper/dists/gradle-5.1.1-all/97z1ksx6lirer3kbvdnh7jtjg/gradle-5.1.1/lib/native-platform-linux-amd64-0.14.jar
7f35a016a000-7f35a016b000 r--s 00002000 08:01 20709503                   /home/ajax/.gradle/wrapper/dists/gradle-5.1.1-all/97z1ksx6lirer3kbvdnh7jtjg/gradle-5.1.1/lib/native-platform-linux-i386-0.14.jar
7f35a016b000-7f35a016d000 r--s 00002000 08:01 20709504                   /home/ajax/.gradle/wrapper/dists/gradle-5.1.1-all/97z1ksx6lirer3kbvdnh7jtjg/gradle-5.1.1/lib/native-platform-osx-amd64-0.14.jar
7f35a016d000-7f35a016e000 r--s 00003000 08:01 20709505                   /home/ajax/.gradle/wrapper/dists/gradle-5.1.1-all/97z1ksx6lirer3kbvdnh7jtjg/gradle-5.1.1/lib/native-platform-osx-i386-0.14.jar
7f35a016e000-7f35a0170000 r--s 0000b000 08:01 20709506                   /home/ajax/.gradle/wrapper/dists/gradle-5.1.1-all/97z1ksx6lirer3kbvdnh7jtjg/gradle-5.1.1/lib/native-platform-windows-amd64-0.14.jar
7f35a0170000-7f35a0171000 r--s 0000b000 08:01 20709507                   /home/ajax/.gradle/wrapper/dists/gradle-5.1.1-all/97z1ksx6lirer3kbvdnh7jtjg/gradle-5.1.1/lib/native-platform-windows-i386-0.14.jar
7f35a0171000-7f35a0172000 r--s 00001000 08:01 20709508                   /home/ajax/.gradle/wrapper/dists/gradle-5.1.1-all/97z1ksx6lirer3kbvdnh7jtjg/gradle-5.1.1/lib/native-platform-linux-amd64-ncurses5-0.14.jar
7f35a0172000-7f35a0173000 r--s 00001000 08:01 20709509                   /home/ajax/.gradle/wrapper/dists/gradle-5.1.1-all/97z1ksx6lirer3kbvdnh7jtjg/gradle-5.1.1/lib/native-platform-linux-amd64-ncurses6-0.14.jar
7f35a0173000-7f35a0174000 r--s 00001000 08:01 20709510                   /home/ajax/.gradle/wrapper/dists/gradle-5.1.1-all/97z1ksx6lirer3kbvdnh7jtjg/gradle-5.1.1/lib/native-platform-linux-i386-ncurses5-0.14.jar
7f35a0174000-7f35a0178000 r--s 00012000 08:01 20709490                   /home/ajax/.gradle/wrapper/dists/gradle-5.1.1-all/97z1ksx6lirer3kbvdnh7jtjg/gradle-5.1.1/lib/native-platform-0.14.jar
7f35a0178000-7f35a017c000 r--s 00042000 08:01 20709493                   /home/ajax/.gradle/wrapper/dists/gradle-5.1.1-all/97z1ksx6lirer3kbvdnh7jtjg/gradle-5.1.1/lib/jansi-1.17.1.jar
7f35a017c000-7f35a017f000 r--s 0000c000 08:01 20709465                   /home/ajax/.gradle/wrapper/dists/gradle-5.1.1-all/97z1ksx6lirer3kbvdnh7jtjg/gradle-5.1.1/lib/gradle-native-5.1.1.jar
7f35a017f000-7f35a0181000 r--s 0000c000 08:01 20709495                   /home/ajax/.gradle/wrapper/dists/gradle-5.1.1-all/97z1ksx6lirer3kbvdnh7jtjg/gradle-5.1.1/lib/objenesis-2.6.jar
7f35a0181000-7f35a0183000 r--s 00000000 08:01 20709497                   /home/ajax/.gradle/wrapper/dists/gradle-5.1.1-all/97z1ksx6lirer3kbvdnh7jtjg/gradle-5.1.1/lib/minlog-1.2.jar
7f35a0183000-7f35a018a000 r--s 00030000 08:01 20709467                   /home/ajax/.gradle/wrapper/dists/gradle-5.1.1-all/97z1ksx6lirer3kbvdnh7jtjg/gradle-5.1.1/lib/gradle-messaging-5.1.1.jar
7f35a018a000-7f35a01ba000 r--s 0024b000 08:01 20709482                   /home/ajax/.gradle/wrapper/dists/gradle-5.1.1-all/97z1ksx6lirer3kbvdnh7jtjg/gradle-5.1.1/lib/guava-26.0-android.jar
7f35a01ba000-7f35a01d9000 r--s 001da000 08:01 20709487                   /home/ajax/.gradle/wrapper/dists/gradle-5.1.1-all/97z1ksx6lirer3kbvdnh7jtjg/gradle-5.1.1/lib/ant-1.9.13.jar
7f35a01d9000-7f35a0216000 r--s 0020d000 08:01 20709451                   /home/ajax/.gradle/wrapper/dists/gradle-5.1.1-all/97z1ksx6lirer3kbvdnh7jtjg/gradle-5.1.1/lib/gradle-core-5.1.1.jar
7f35a0216000-7f35a0217000 ---p 00000000 00:00 0 
7f35a0217000-7f35a0317000 rw-p 00000000 00:00 0 
7f35a0317000-7f35a031a000 ---p 00000000 00:00 0 
7f35a031a000-7f35a0418000 rw-p 00000000 00:00 0 
7f35a0418000-7f35a0419000 ---p 00000000 00:00 0 
7f35a0419000-7f35a041c000 ---p 00000000 00:00 0 
7f35a041c000-7f35a0519000 rw-p 00000000 00:00 0 
7f35a0519000-7f35a051a000 ---p 00000000 00:00 0 
7f35a051a000-7f35a051d000 ---p 00000000 00:00 0 
7f35a051d000-7f35a061a000 rw-p 00000000 00:00 0 
7f35a061a000-7f35a061b000 ---p 00000000 00:00 0 
7f35a061b000-7f35a061e000 ---p 00000000 00:00 0 
7f35a061e000-7f35a071b000 rw-p 00000000 00:00 0 
7f35a071b000-7f35a071e000 ---p 00000000 00:00 0 
7f35a071e000-7f35a081c000 rw-p 00000000 00:00 0 
7f35a081c000-7f35a0afb000 r--p 00000000 08:01 2755269                    /usr/lib/locale/locale-archive
7f35a0afb000-7f35a0afe000 ---p 00000000 00:00 0 
7f35a0afe000-7f35a0bfc000 rw-p 00000000 00:00 0 
7f35a0bfc000-7f35a0bff000 ---p 00000000 00:00 0 
7f35a0bff000-7f35a0cfd000 rw-p 00000000 00:00 0 
7f35a0cfd000-7f35a0cfe000 ---p 00000000 00:00 0 
7f35a0cfe000-7f35a1000000 rw-p 00000000 00:00 0 
7f35a1000000-7f35a19c0000 rwxp 00000000 00:00 0 
7f35a19c0000-7f35b0000000 ---p 00000000 00:00 0 
7f35b0000000-7f35b0f83000 rw-p 00000000 00:00 0 
7f35b0f83000-7f35b4000000 ---p 00000000 00:00 0 
7f35b4000000-7f35b4006000 r--s 0004d000 08:01 20709494                   /home/ajax/.gradle/wrapper/dists/gradle-5.1.1-all/97z1ksx6lirer3kbvdnh7jtjg/gradle-5.1.1/lib/kryo-2.24.0.jar
7f35b4006000-7f35b4008000 r--s 00006000 08:01 20709463                   /home/ajax/.gradle/wrapper/dists/gradle-5.1.1-all/97z1ksx6lirer3kbvdnh7jtjg/gradle-5.1.1/lib/gradle-process-services-5.1.1.jar
7f35b4008000-7f35b400a000 r--s 00000000 08:01 20709452                   /home/ajax/.gradle/wrapper/dists/gradle-5.1.1-all/97z1ksx6lirer3kbvdnh7jtjg/gradle-5.1.1/lib/gradle-jvm-services-5.1.1.jar
7f35b400a000-7f35b400c000 r--s 00003000 08:01 20709483                   /home/ajax/.gradle/wrapper/dists/gradle-5.1.1-all/97z1ksx6lirer3kbvdnh7jtjg/gradle-5.1.1/lib/jsr305-3.0.2.jar
7f35b400c000-7f35b400f000 r--s 0001c000 08:01 20709484                   /home/ajax/.gradle/wrapper/dists/gradle-5.1.1-all/97z1ksx6lirer3kbvdnh7jtjg/gradle-5.1.1/lib/fastutil-8.2.1-min.jar
7f35b400f000-7f35b401d000 r--s 0003c000 08:01 20709459                   /home/ajax/.gradle/wrapper/dists/gradle-5.1.1-all/97z1ksx6lirer3kbvdnh7jtjg/gradle-5.1.1/lib/gradle-core-api-5.1.1.jar
7f35b401d000-7f35b402a000 r--s 0006c000 08:01 20709468                   /home/ajax/.gradle/wrapper/dists/gradle-5.1.1-all/97z1ksx6lirer3kbvdnh7jtjg/gradle-5.1.1/lib/gradle-base-services-5.1.1.jar
7f35b402a000-7f35b4e09000 rw-p 00000000 00:00 0 
7f35b4e09000-7f35b4fda000 r--s 03c8a000 08:01 4851043                    /home/ajax/Downloads/android-studio/jre/jre/lib/rt.jar
7f35b4fda000-7f35b5bab000 rw-p 00000000 00:00 0 
7f35b5bab000-7f35b5bac000 ---p 00000000 00:00 0 
7f35b5bac000-7f35b5cac000 rw-p 00000000 00:00 0 
7f35b5cac000-7f35b5cad000 ---p 00000000 00:00 0 
7f35b5cad000-7f35b5dad000 rw-p 00000000 00:00 0 
7f35b5dad000-7f35b5dae000 ---p 00000000 00:00 0 
7f35b5dae000-7f35b5eae000 rw-p 00000000 00:00 0 
7f35b5eae000-7f35b5eaf000 ---p 00000000 00:00 0 
7f35b5eaf000-7f35b5fcf000 rw-p 00000000 00:00 0 
7f35b5fcf000-7f35b61af000 ---p 00000000 00:00 0 
7f35b61af000-7f35b61cf000 rw-p 00000000 00:00 0 
7f35b61cf000-7f35b63af000 ---p 00000000 00:00 0 
7f35b63af000-7f35b63f9000 rw-p 00000000 00:00 0 
7f35b63f9000-7f35b64af000 ---p 00000000 00:00 0 
7f35b64af000-7f35b64d7000 rw-p 00000000 00:00 0 
7f35b64d7000-7f35b6870000 ---p 00000000 00:00 0 
7f35b6870000-7f35b687b000 r-xp 00000000 08:01 11404915                   /lib/x86_64-linux-gnu/libnss_files-2.27.so
7f35b687b000-7f35b6a7a000 ---p 0000b000 08:01 11404915                   /lib/x86_64-linux-gnu/libnss_files-2.27.so
7f35b6a7a000-7f35b6a7b000 r--p 0000a000 08:01 11404915                   /lib/x86_64-linux-gnu/libnss_files-2.27.so
7f35b6a7b000-7f35b6a7c000 rw-p 0000b000 08:01 11404915                   /lib/x86_64-linux-gnu/libnss_files-2.27.so
7f35b6a7c000-7f35b6a82000 rw-p 00000000 00:00 0 
7f35b6a82000-7f35b6a99000 r-xp 00000000 08:01 11404903                   /lib/x86_64-linux-gnu/libnsl-2.27.so
7f35b6a99000-7f35b6c98000 ---p 00017000 08:01 11404903                   /lib/x86_64-linux-gnu/libnsl-2.27.so
7f35b6c98000-7f35b6c99000 r--p 00016000 08:01 11404903                   /lib/x86_64-linux-gnu/libnsl-2.27.so
7f35b6c99000-7f35b6c9a000 rw-p 00017000 08:01 11404903                   /lib/x86_64-linux-gnu/libnsl-2.27.so
7f35b6c9a000-7f35b6c9c000 rw-p 00000000 00:00 0 
7f35b6c9c000-7f35b6ca7000 r-xp 00000000 08:01 11404923                   /lib/x86_64-linux-gnu/libnss_nis-2.27.so
7f35b6ca7000-7f35b6ea6000 ---p 0000b000 08:01 11404923                   /lib/x86_64-linux-gnu/libnss_nis-2.27.so
7f35b6ea6000-7f35b6ea7000 r--p 0000a000 08:01 11404923                   /lib/x86_64-linux-gnu/libnss_nis-2.27.so
7f35b6ea7000-7f35b6ea8000 rw-p 0000b000 08:01 11404923                   /lib/x86_64-linux-gnu/libnss_nis-2.27.so
7f35b6ea8000-7f35b6eb0000 r-xp 00000000 08:01 11404907                   /lib/x86_64-linux-gnu/libnss_compat-2.27.so
7f35b6eb0000-7f35b70b0000 ---p 00008000 08:01 11404907                   /lib/x86_64-linux-gnu/libnss_compat-2.27.so
7f35b70b0000-7f35b70b1000 r--p 00008000 08:01 11404907                   /lib/x86_64-linux-gnu/libnss_compat-2.27.so
7f35b70b1000-7f35b70b2000 rw-p 00009000 08:01 11404907                   /lib/x86_64-linux-gnu/libnss_compat-2.27.so
7f35b70b2000-7f35b70b9000 r-xp 00000000 08:01 11404941                   /lib/x86_64-linux-gnu/librt-2.27.so
7f35b70b9000-7f35b72b8000 ---p 00007000 08:01 11404941                   /lib/x86_64-linux-gnu/librt-2.27.so
7f35b72b8000-7f35b72b9000 r--p 00006000 08:01 11404941                   /lib/x86_64-linux-gnu/librt-2.27.so
7f35b72b9000-7f35b72ba000 rw-p 00007000 08:01 11404941                   /lib/x86_64-linux-gnu/librt-2.27.so
7f35b72ba000-7f35b7457000 r-xp 00000000 08:01 11404891                   /lib/x86_64-linux-gnu/libm-2.27.so
7f35b7457000-7f35b7656000 ---p 0019d000 08:01 11404891                   /lib/x86_64-linux-gnu/libm-2.27.so
7f35b7656000-7f35b7657000 r--p 0019c000 08:01 11404891                   /lib/x86_64-linux-gnu/libm-2.27.so
7f35b7657000-7f35b7658000 rw-p 0019d000 08:01 11404891                   /lib/x86_64-linux-gnu/libm-2.27.so
7f35b7658000-7f35b8270000 r-xp 00000000 08:01 4851053                    /home/ajax/Downloads/android-studio/jre/jre/lib/amd64/server/libjvm.so
7f35b8270000-7f35b833f000 rw-p 00c18000 08:01 4851053                    /home/ajax/Downloads/android-studio/jre/jre/lib/amd64/server/libjvm.so
7f35b833f000-7f35b8384000 rw-p 00000000 00:00 0 
7f35b8384000-7f35b856b000 r-xp 00000000 08:01 11404542                   /lib/x86_64-linux-gnu/libc-2.27.so
7f35b856b000-7f35b876b000 ---p 001e7000 08:01 11404542                   /lib/x86_64-linux-gnu/libc-2.27.so
7f35b876b000-7f35b876f000 r--p 001e7000 08:01 11404542                   /lib/x86_64-linux-gnu/libc-2.27.so
7f35b876f000-7f35b8771000 rw-p 001eb000 08:01 11404542                   /lib/x86_64-linux-gnu/libc-2.27.so
7f35b8771000-7f35b8775000 rw-p 00000000 00:00 0 
7f35b8775000-7f35b8778000 r-xp 00000000 08:01 11404887                   /lib/x86_64-linux-gnu/libdl-2.27.so
7f35b8778000-7f35b8977000 ---p 00003000 08:01 11404887                   /lib/x86_64-linux-gnu/libdl-2.27.so
7f35b8977000-7f35b8978000 r--p 00002000 08:01 11404887                   /lib/x86_64-linux-gnu/libdl-2.27.so
7f35b8978000-7f35b8979000 rw-p 00003000 08:01 11404887                   /lib/x86_64-linux-gnu/libdl-2.27.so
7f35b8979000-7f35b8993000 r-xp 00000000 08:01 11404935                   /lib/x86_64-linux-gnu/libpthread-2.27.so
7f35b8993000-7f35b8b92000 ---p 0001a000 08:01 11404935                   /lib/x86_64-linux-gnu/libpthread-2.27.so
7f35b8b92000-7f35b8b93000 r--p 00019000 08:01 11404935                   /lib/x86_64-linux-gnu/libpthread-2.27.so
7f35b8b93000-7f35b8b94000 rw-p 0001a000 08:01 11404935                   /lib/x86_64-linux-gnu/libpthread-2.27.so
7f35b8b94000-7f35b8b98000 rw-p 00000000 00:00 0 
7f35b8b98000-7f35b8bbf000 r-xp 00000000 08:01 11403461                   /lib/x86_64-linux-gnu/ld-2.27.so
7f35b8bbf000-7f35b8bc0000 r--s 00001000 08:01 20709511                   /home/ajax/.gradle/wrapper/dists/gradle-5.1.1-all/97z1ksx6lirer3kbvdnh7jtjg/gradle-5.1.1/lib/native-platform-linux-i386-ncurses6-0.14.jar
7f35b8bc0000-7f35b8bc5000 r--s 00041000 08:01 20709477                   /home/ajax/.gradle/wrapper/dists/gradle-5.1.1-all/97z1ksx6lirer3kbvdnh7jtjg/gradle-5.1.1/lib/commons-lang-2.6.jar
7f35b8bc5000-7f35b8bc9000 r--s 00031000 08:01 20709476                   /home/ajax/.gradle/wrapper/dists/gradle-5.1.1-all/97z1ksx6lirer3kbvdnh7jtjg/gradle-5.1.1/lib/commons-io-2.6.jar
7f35b8bc9000-7f35b8c30000 rw-p 00000000 00:00 0 
7f35b8c30000-7f35b8c4a000 r-xp 00000000 08:01 4851079                    /home/ajax/Downloads/android-studio/jre/jre/lib/amd64/libzip.so
7f35b8c4a000-7f35b8c4b000 rw-p 00019000 08:01 4851079                    /home/ajax/Downloads/android-studio/jre/jre/lib/amd64/libzip.so
7f35b8c4b000-7f35b8c76000 r-xp 00000000 08:01 4851078                    /home/ajax/Downloads/android-studio/jre/jre/lib/amd64/libjava.so
7f35b8c76000-7f35b8c78000 rw-p 0002b000 08:01 4851078                    /home/ajax/Downloads/android-studio/jre/jre/lib/amd64/libjava.so
7f35b8c78000-7f35b8c79000 ---p 00000000 00:00 0 
7f35b8c79000-7f35b8c7c000 ---p 00000000 00:00 0 
7f35b8c7c000-7f35b8d7b000 rw-p 00000000 00:00 0 
7f35b8d7b000-7f35b8d90000 r-xp 00000000 08:01 4851156                    /home/ajax/Downloads/android-studio/jre/lib/amd64/jli/libjli.so
7f35b8d90000-7f35b8d91000 rw-p 00015000 08:01 4851156                    /home/ajax/Downloads/android-studio/jre/lib/amd64/jli/libjli.so
7f35b8d91000-7f35b8d93000 rw-p 00000000 00:00 0 
7f35b8d93000-7f35b8d94000 r--s 00000000 08:01 20709485                   /home/ajax/.gradle/wrapper/dists/gradle-5.1.1-all/97z1ksx6lirer3kbvdnh7jtjg/gradle-5.1.1/lib/jcip-annotations-1.0.jar
7f35b8d94000-7f35b8d96000 r--s 0001a000 08:01 20709475                   /home/ajax/.gradle/wrapper/dists/gradle-5.1.1-all/97z1ksx6lirer3kbvdnh7jtjg/gradle-5.1.1/lib/asm-7.0.jar
7f35b8d96000-7f35b8d98000 r--s 00009000 08:01 20709481                   /home/ajax/.gradle/wrapper/dists/gradle-5.1.1-all/97z1ksx6lirer3kbvdnh7jtjg/gradle-5.1.1/lib/slf4j-api-1.7.25.jar
7f35b8d98000-7f35b8d99000 r--s 00004000 08:01 20709496                   /home/ajax/.gradle/wrapper/dists/gradle-5.1.1-all/97z1ksx6lirer3kbvdnh7jtjg/gradle-5.1.1/lib/ant-launcher-1.9.13.jar
7f35b8d99000-7f35b8da6000 r--s 0006d000 08:01 20709446                   /home/ajax/.gradle/wrapper/dists/gradle-5.1.1-all/97z1ksx6lirer3kbvdnh7jtjg/gradle-5.1.1/lib/gradle-launcher-5.1.1.jar
7f35b8da6000-7f35b8dae000 rw-s 00000000 08:01 11666119                   /tmp/hsperfdata_ajax/12354
7f35b8dae000-7f35b8daf000 rw-p 00000000 00:00 0 
7f35b8daf000-7f35b8db0000 ---p 00000000 00:00 0 
7f35b8db0000-7f35b8dbd000 r-xp 00000000 08:01 4851060                    /home/ajax/Downloads/android-studio/jre/jre/lib/amd64/libverify.so
7f35b8dbd000-7f35b8dbf000 rw-p 0000c000 08:01 4851060                    /home/ajax/Downloads/android-studio/jre/jre/lib/amd64/libverify.so
7f35b8dbf000-7f35b8dc0000 r--p 00027000 08:01 11403461                   /lib/x86_64-linux-gnu/ld-2.27.so
7f35b8dc0000-7f35b8dc1000 rw-p 00028000 08:01 11403461                   /lib/x86_64-linux-gnu/ld-2.27.so
7f35b8dc1000-7f35b8dc2000 rw-p 00000000 00:00 0 
7ffd526c8000-7ffd526e9000 rw-p 00000000 00:00 0                          [stack]
7ffd527ec000-7ffd527ef000 r--p 00000000 00:00 0                          [vvar]
7ffd527ef000-7ffd527f1000 r-xp 00000000 00:00 0                          [vdso]
ffffffffff600000-ffffffffff601000 r-xp 00000000 00:00 0                  [vsyscall]

VM Arguments:
jvm_args: -Xmx1536m -Dfile.encoding=UTF-8 -Duser.country=US -Duser.language=en -Duser.variant 
java_command: org.gradle.launcher.daemon.bootstrap.GradleDaemon 5.1.1
java_class_path (initial): /home/ajax/.gradle/wrapper/dists/gradle-5.1.1-all/97z1ksx6lirer3kbvdnh7jtjg/gradle-5.1.1/lib/gradle-launcher-5.1.1.jar
Launcher Type: SUN_STANDARD

Environment Variables:
JAVA_HOME=/usr/lib/jvm/java-11-oracle
PATH=/home/ajax/bin:/home/ajax/.local/bin:/usr/local/sbin:/usr/local/bin:/usr/sbin:/usr/bin:/sbin:/bin:/usr/games:/usr/local/games:/snap/bin:/usr/lib/jvm/java-11-oracle/bin:/usr/lib/jvm/java-11-oracle/db/bin
SHELL=/bin/bash
DISPLAY=:0.0

Signal Handlers:
SIGSEGV: [libjvm.so+0xa00760], sa_mask[0]=11111111011111111101111111111110, sa_flags=SA_RESTART|SA_SIGINFO
SIGBUS: [libjvm.so+0xa00760], sa_mask[0]=11111111011111111101111111111110, sa_flags=SA_RESTART|SA_SIGINFO
SIGFPE: [libjvm.so+0x863090], sa_mask[0]=11111111011111111101111111111110, sa_flags=SA_RESTART|SA_SIGINFO
SIGPIPE: [libjvm.so+0x863090], sa_mask[0]=11111111011111111101111111111110, sa_flags=SA_RESTART|SA_SIGINFO
SIGXFSZ: [libjvm.so+0x863090], sa_mask[0]=11111111011111111101111111111110, sa_flags=SA_RESTART|SA_SIGINFO
SIGILL: [libjvm.so+0x863090], sa_mask[0]=11111111011111111101111111111110, sa_flags=SA_RESTART|SA_SIGINFO
SIGUSR1: SIG_DFL, sa_mask[0]=00000000000000000000000000000000, sa_flags=none
SIGUSR2: [libjvm.so+0x862f60], sa_mask[0]=00100000000000000000000000000000, sa_flags=SA_RESTART|SA_SIGINFO
SIGHUP: [libjvm.so+0x863150], sa_mask[0]=11111111011111111101111111111110, sa_flags=SA_RESTART|SA_SIGINFO
SIGINT: [libjvm.so+0x863150], sa_mask[0]=11111111011111111101111111111110, sa_flags=SA_RESTART|SA_SIGINFO
SIGTERM: [libjvm.so+0x863150], sa_mask[0]=11111111011111111101111111111110, sa_flags=SA_RESTART|SA_SIGINFO
SIGQUIT: [libjvm.so+0x863150], sa_mask[0]=11111111011111111101111111111110, sa_flags=SA_RESTART|SA_SIGINFO


---------------  S Y S T E M  ---------------

OS:DISTRIB_ID=Ubuntu
DISTRIB_RELEASE=18.04
DISTRIB_CODENAME=bionic
DISTRIB_DESCRIPTION="Ubuntu 18.04.2 LTS"

uname:Linux 4.15.0-51-generic #55-Ubuntu SMP Wed May 15 14:27:21 UTC 2019 x86_64
libc:glibc 2.27 NPTL 2.27 
rlimit: STACK 8192k, CORE 0k, NPROC 31488, NOFILE 1048576, AS infinity
load average:3,27 0,97 0,50

/proc/meminfo:
MemTotal:        8135252 kB
MemFree:          106100 kB
MemAvailable:          0 kB
Buffers:             340 kB
Cached:           123364 kB
SwapCached:            0 kB
Active:          7556136 kB
Inactive:         119164 kB
Active(anon):    7553756 kB
Inactive(anon):   110544 kB
Active(file):       2380 kB
Inactive(file):     8620 kB
Unevictable:          96 kB
Mlocked:              96 kB
SwapTotal:             0 kB
SwapFree:              0 kB
Dirty:                 0 kB
Writeback:            20 kB
AnonPages:       7552144 kB
Mapped:           218084 kB
Shmem:            112252 kB
Slab:             103824 kB
SReclaimable:      40928 kB
SUnreclaim:        62896 kB
KernelStack:       10992 kB
PageTables:        49568 kB
NFS_Unstable:          0 kB
Bounce:                0 kB
WritebackTmp:          0 kB
CommitLimit:     4067624 kB
Committed_AS:   11333992 kB
VmallocTotal:   34359738367 kB
VmallocUsed:           0 kB
VmallocChunk:          0 kB
HardwareCorrupted:     0 kB
AnonHugePages:         0 kB
ShmemHugePages:        0 kB
ShmemPmdMapped:        0 kB
CmaTotal:              0 kB
CmaFree:               0 kB
HugePages_Total:       0
HugePages_Free:        0
HugePages_Rsvd:        0
HugePages_Surp:        0
Hugepagesize:       2048 kB
DirectMap4k:      355872 kB
DirectMap2M:     7999488 kB


CPU:total 4 (initial active 4) (4 cores per cpu, 1 threads per core) family 6 model 42 stepping 7, cmov, cx8, fxsr, mmx, sse, sse2, sse3, ssse3, sse4.1, sse4.2, popcnt, avx, aes, clmul, tsc, tscinvbit

/proc/cpuinfo:
processor	: 0
vendor_id	: GenuineIntel
cpu family	: 6
model		: 42
model name	: Intel(R) Core(TM) i5-2500K CPU @ 3.30GHz
stepping	: 7
microcode	: 0x2f
cpu MHz		: 3304.305
cache size	: 6144 KB
physical id	: 0
siblings	: 4
core id		: 0
cpu cores	: 4
apicid		: 0
initial apicid	: 0
fpu		: yes
fpu_exception	: yes
cpuid level	: 13
wp		: yes
flags		: fpu vme de pse tsc msr pae mce cx8 apic sep mtrr pge mca cmov pat pse36 clflush dts acpi mmx fxsr sse sse2 ss ht tm pbe syscall nx rdtscp lm constant_tsc arch_perfmon pebs bts rep_good nopl xtopology nonstop_tsc cpuid aperfmperf pni pclmulqdq dtes64 monitor ds_cpl vmx est tm2 ssse3 cx16 xtpr pdcm pcid sse4_1 sse4_2 popcnt tsc_deadline_timer aes xsave avx lahf_lm epb pti ssbd ibrs ibpb stibp tpr_shadow vnmi flexpriority ept vpid xsaveopt dtherm ida arat pln pts md_clear flush_l1d
bugs		: cpu_meltdown spectre_v1 spectre_v2 spec_store_bypass l1tf mds
bogomips	: 6621.37
clflush size	: 64
cache_alignment	: 64
address sizes	: 36 bits physical, 48 bits virtual
power management:

processor	: 1
vendor_id	: GenuineIntel
cpu family	: 6
model		: 42
model name	: Intel(R) Core(TM) i5-2500K CPU @ 3.30GHz
stepping	: 7
microcode	: 0x2f
cpu MHz		: 3185.410
cache size	: 6144 KB
physical id	: 0
siblings	: 4
core id		: 1
cpu cores	: 4
apicid		: 2
initial apicid	: 2
fpu		: yes
fpu_exception	: yes
cpuid level	: 13
wp		: yes
flags		: fpu vme de pse tsc msr pae mce cx8 apic sep mtrr pge mca cmov pat pse36 clflush dts acpi mmx fxsr sse sse2 ss ht tm pbe syscall nx rdtscp lm constant_tsc arch_perfmon pebs bts rep_good nopl xtopology nonstop_tsc cpuid aperfmperf pni pclmulqdq dtes64 monitor ds_cpl vmx est tm2 ssse3 cx16 xtpr pdcm pcid sse4_1 sse4_2 popcnt tsc_deadline_timer aes xsave avx lahf_lm epb pti ssbd ibrs ibpb stibp tpr_shadow vnmi flexpriority ept vpid xsaveopt dtherm ida arat pln pts md_clear flush_l1d
bugs		: cpu_meltdown spectre_v1 spectre_v2 spec_store_bypass l1tf mds
bogomips	: 6621.37
clflush size	: 64
cache_alignment	: 64
address sizes	: 36 bits physical, 48 bits virtual
power management:

processor	: 2
vendor_id	: GenuineIntel
cpu family	: 6
model		: 42
model name	: Intel(R) Core(TM) i5-2500K CPU @ 3.30GHz
stepping	: 7
microcode	: 0x2f
cpu MHz		: 3212.365
cache size	: 6144 KB
physical id	: 0
siblings	: 4
core id		: 2
cpu cores	: 4
apicid		: 4
initial apicid	: 4
fpu		: yes
fpu_exception	: yes
cpuid level	: 13
wp		: yes
flags		: fpu vme de pse tsc msr pae mce cx8 apic sep mtrr pge mca cmov pat pse36 clflush dts acpi mmx fxsr sse sse2 ss ht tm pbe syscall nx rdtscp lm constant_tsc arch_perfmon pebs bts rep_good nopl xtopology nonstop_tsc cpuid aperfmperf pni pclmulqdq dtes64 monitor ds_cpl vmx est tm2 ssse3 cx16 xtpr pdcm pcid sse4_1 sse4_2 popcnt tsc_deadline_timer aes xsave avx lahf_lm epb pti ssbd ibrs ibpb stibp tpr_shadow vnmi flexpriority ept vpid xsaveopt dtherm ida arat pln pts md_clear flush_l1d
bugs		: cpu_meltdown spectre_v1 spectre_v2 spec_store_bypass l1tf mds
bogomips	: 6621.37
clflush size	: 64
cache_alignment	: 64
address sizes	: 36 bits physical, 48 bits virtual
power management:

processor	: 3
vendor_id	: GenuineIntel
cpu family	: 6
model		: 42
model name	: Intel(R) Core(TM) i5-2500K CPU @ 3.30GHz
stepping	: 7
microcode	: 0x2f
cpu MHz		: 3178.187
cache size	: 6144 KB
physical id	: 0
siblings	: 4
core id		: 3
cpu cores	: 4
apicid		: 6
initial apicid	: 6
fpu		: yes
fpu_exception	: yes
cpuid level	: 13
wp		: yes
flags		: fpu vme de pse tsc msr pae mce cx8 apic sep mtrr pge mca cmov pat pse36 clflush dts acpi mmx fxsr sse sse2 ss ht tm pbe syscall nx rdtscp lm constant_tsc arch_perfmon pebs bts rep_good nopl xtopology nonstop_tsc cpuid aperfmperf pni pclmulqdq dtes64 monitor ds_cpl vmx est tm2 ssse3 cx16 xtpr pdcm pcid sse4_1 sse4_2 popcnt tsc_deadline_timer aes xsave avx lahf_lm epb pti ssbd ibrs ibpb stibp tpr_shadow vnmi flexpriority ept vpid xsaveopt dtherm ida arat pln pts md_clear flush_l1d
bugs		: cpu_meltdown spectre_v1 spectre_v2 spec_store_bypass l1tf mds
bogomips	: 6621.37
clflush size	: 64
cache_alignment	: 64
address sizes	: 36 bits physical, 48 bits virtual
power management:



Memory: 4k page, physical 8135252k(101812k free), swap 0k(0k free)

vm_info: OpenJDK 64-Bit Server VM (25.152-b16-5323222) for linux-amd64 JRE (1.8.0_152-release-1343-b16-5323222), built by "android-build" with gcc 4.8

time: Sun Jun 16 16:35:42 2019
elapsed time: 15 seconds (0d 0h 0m 15s)

